[0515/183244.965:ERROR:process_memory_win.cc(73)] ReadMemory at 0x7ff79c170000 of 64 bytes failed: ReadProcessMemory 또는 WriteProcessMemory의 일부 작업만을 마쳤습니다. (0x12B)
[0515/183244.965:WARNING:pe_image_reader.cc(340)] could not read dos header from C:\Program Files (x86)\Google\Chrome\Application\chrome.exe
[0515/183244.965:ERROR:process_memory_win.cc(73)] ReadMemory at 0x7ffead770000 of 64 bytes failed: ReadProcessMemory 또는 WriteProcessMemory의 일부 작업만을 마쳤습니다. (0x12B)
[0515/183244.965:WARNING:pe_image_reader.cc(340)] could not read dos header from C:\Program Files (x86)\Google\Chrome\Application\81.0.4044.138\chrome.dll
[0515/183244.965:ERROR:process_memory_win.cc(73)] ReadMemory at 0x1db0d630000 of 64 bytes failed: ReadProcessMemory 또는 WriteProcessMemory의 일부 작업만을 마쳤습니다. (0x12B)
[0515/183245.428:WARNING:pe_image_reader.cc(340)] could not read dos header from C:\WINDOWS\System32\NSI.dll
[0515/183245.428:ERROR:process_memory_win.cc(73)] ReadMemory at 0x7ffef79f0000 of 64 bytes failed: ReadProcessMemory 또는 WriteProcessMemory의 일부 작업만을 마쳤습니다. (0x12B)
[0515/183245.428:WARNING:pe_image_reader.cc(340)] could not read dos header from C:\WINDOWS\SYSTEM32\WINMMBASE.dll
[0515/183245.428:ERROR:process_memory_win.cc(73)] ReadMemory at 0x7ffefb2c0000 of 64 bytes failed: ReadProcessMemory 또는 WriteProcessMemory의 일부 작업만을 마쳤습니다. (0x12B)
[0515/183245.428:WARNING:pe_image_reader.cc(340)] could not read dos header from C:\WINDOWS\System32\cfgmgr32.dll
[0515/183245.428:ERROR:process_memory_win.cc(73)] ReadMemory at 0x7ffef9ef0000 of 64 bytes failed: ReadProcessMemory 또는 WriteProcessMemory의 일부 작업만을 마쳤습니다. (0x12B)
[0515/183245.428:WARNING:pe_image_reader.cc(340)] could not read dos header from C:\WINDOWS\SYSTEM32\PROPSYS.dll
[0515/183245.428:ERROR:process_memory_win.cc(73)] ReadMemory at 0x7ffefc4b0000 of 64 bytes failed: ReadProcessMemory 또는 WriteProcessMemory의 일부 작업만을 마쳤습니다. (0x12B)
[0515/183245.428:WARNING:pe_image_reader.cc(340)] could not read dos header from C:\WINDOWS\System32\shcore.dll
[0515/183245.428:ERROR:process_memory_win.cc(73)] ReadMemory at 0x7ffefad00000 of 64 bytes failed: ReadProcessMemory 또는 WriteProcessMemory의 일부 작업만을 마쳤습니다. (0x12B)
[0515/183245.428:WARNING:pe_image_reader.cc(340)] could not read dos header from C:\WINDOWS\SYSTEM32\bcrypt.dll
[0515/183245.428:ERROR:process_memory_win.cc(73)] ReadMemory at 0x7ffefb130000 of 64 bytes failed: ReadProcessMemory 또는 WriteProcessMemory의 일부 작업만을 마쳤습니다. (0x12B)
[0515/183245.428:WARNING:pe_image_reader.cc(340)] could not read dos header from C:\WINDOWS\SYSTEM32\SSPICLI.DLL
[0515/183245.428:ERROR:process_memory_win.cc(73)] ReadMemory at 0x7ffefabf0000 of 64 bytes failed: ReadProcessMemory 또는 WriteProcessMemory의 일부 작업만을 마쳤습니다. (0x12B)
[0515/183245.428:WARNING:pe_image_reader.cc(340)] could not read dos header from C:\WINDOWS\SYSTEM32\CRYPTBASE.DLL
[0515/183245.428:ERROR:process_memory_win.cc(73)] ReadMemory at 0x7ff79c170000 of 64 bytes failed: ReadProcessMemory 또는 WriteProcessMemory의 일부 작업만을 마쳤습니다. (0x12B)
[0515/183245.428:WARNING:pe_image_reader.cc(340)] could not read dos header from C:\Program Files (x86)\Google\Chrome\Application\chrome.exe
[0515/183245.428:ERROR:process_memory_win.cc(73)] ReadMemory at 0x7ff79c170000 of 64 bytes failed: ReadProcessMemory 또는 WriteProcessMemory의 일부 작업만을 마쳤습니다. (0x12B)
[0515/183245.428:WARNING:pe_image_reader.cc(340)] could not read dos header from C:\Program Files (x86)\Google\Chrome\Application\chrome.exe
[0515/183245.428:ERROR:process_memory_win.cc(73)] ReadMemory at 0x7ffefeef0000 of 64 bytes failed: ReadProcessMemory 또는 WriteProcessMemory의 일부 작업만을 마쳤습니다. (0x12B)
[0515/183245.428:WARNING:pe_image_reader.cc(340)] could not read dos header from C:\WINDOWS\SYSTEM32\ntdll.dll
[0515/183245.428:ERROR:process_memory_win.cc(73)] ReadMemory at 0x7ffefeef0000 of 64 bytes failed: ReadProcessMemory 또는 WriteProcessMemory의 일부 작업만을 마쳤습니다. (0x12B)
[0515/183245.428:WARNING:pe_image_reader.cc(340)] could not read dos header from C:\WINDOWS\SYSTEM32\ntdll.dll
[0515/183245.428:ERROR:process_memory_win.cc(73)] ReadMemory at 0x7ffefc840000 of 64 bytes failed: ReadProcessMemory 또는 WriteProcessMemory의 일부 작업만을 마쳤습니다. (0x12B)
[0515/183245.428:WARNING:pe_image_reader.cc(340)] could not read dos header from C:\WINDOWS\System32\KERNEL32.DLL
[0515/183245.428:ERROR:process_memory_win.cc(73)] ReadMemory at 0x7ffefc840000 of 64 bytes failed: ReadProcessMemory 또는 WriteProcessMemory의 일부 작업만을 마쳤습니다. (0x12B)
[0515/183245.428:WARNING:pe_image_reader.cc(340)] could not read dos header from C:\WINDOWS\System32\KERNEL32.DLL
[0515/183245.428:ERROR:process_memory_win.cc(73)] ReadMemory at 0x7ffefbb20000 of 64 bytes failed: ReadProcessMemory 또는 WriteProcessMemory의 일부 작업만을 마쳤습니다. (0x12B)
[0515/183245.428:WARNING:pe_image_reader.cc(340)] could not read dos header from C:\WINDOWS\System32\KERNELBASE.dll
[0515/183245.428:ERROR:process_memory_win.cc(73)] ReadMemory at 0x7ffefbb20000 of 64 bytes failed: ReadProcessMemory 또는 WriteProcessMemory의 일부 작업만을 마쳤습니다. (0x12B)
[0515/183245.428:WARNING:pe_image_reader.cc(340)] could not read dos header from C:\WINDOWS\System32\KERNELBASE.dll
[0515/183245.429:ERROR:process_memory_win.cc(73)] ReadMemory at 0x7ffed5a70000 of 64 bytes failed: ReadProcessMemory 또는 WriteProcessMemory의 일부 작업만을 마쳤습니다. (0x12B)
[0515/183245.429:WARNING:pe_image_reader.cc(340)] could not read dos header from C:\Program Files (x86)\Google\Chrome\Application\81.0.4044.138\chrome_elf.dll
[0515/183245.429:ERROR:process_memory_win.cc(73)] ReadMemory at 0x7ffed5a70000 of 64 bytes failed: ReadProcessMemory 또는 WriteProcessMemory의 일부 작업만을 마쳤습니다. (0x12B)
[0515/183245.429:WARNING:pe_image_reader.cc(340)] could not read dos header from C:\Program Files (x86)\Google\Chrome\Application\81.0.4044.138\chrome_elf.dll
[0515/183245.429:ERROR:process_memory_win.cc(73)] ReadMemory at 0x7ffef60c0000 of 64 bytes failed: ReadProcessMemory 또는 WriteProcessMemory의 일부 작업만을 마쳤습니다. (0x12B)
[0515/183245.429:WARNING:pe_image_reader.cc(340)] could not read dos header from C:\WINDOWS\SYSTEM32\VERSION.dll
[0515/183245.429:ERROR:process_memory_win.cc(73)] ReadMemory at 0x7ffef60c0000 of 64 bytes failed: ReadProcessMemory 또는 WriteProcessMemory의 일부 작업만을 마쳤습니다. (0x12B)
[0515/183245.429:WARNING:pe_image_reader.cc(340)] could not read dos header from C:\WINDOWS\SYSTEM32\VERSION.dll
[0515/183245.429:ERROR:process_memory_win.cc(73)] ReadMemory at 0x7ffefd110000 of 64 bytes failed: ReadProcessMemory 또는 WriteProcessMemory의 일부 작업만을 마쳤습니다. (0x12B)
[0515/183245.429:WARNING:pe_image_reader.cc(340)] could not read dos header from C:\WINDOWS\System32\msvcrt.dll
[0515/183245.429:ERROR:process_memory_win.cc(73)] ReadMemory at 0x7ffefd110000 of 64 bytes failed: ReadProcessMemory 또는 WriteProcessMemory의 일부 작업만을 마쳤습니다. (0x12B)
[0515/183245.429:WARNING:pe_image_reader.cc(340)] could not read dos header from C:\WINDOWS\System32\msvcrt.dll
[0515/183245.429:ERROR:process_memory_win.cc(73)] ReadMemory at 0x7ffefbda0000 of 64 bytes failed: ReadProcessMemory 또는 WriteProcessMemory의 일부 작업만을 마쳤습니다. (0x12B)
[0515/183245.429:WARNING:pe_image_reader.cc(340)] could not read dos header from C:\WINDOWS\System32\bcryptPrimitives.dll
[0515/183245.429:ERROR:process_memory_win.cc(73)] ReadMemory at 0x7ffefbda0000 of 64 bytes failed: ReadProcessMemory 또는 WriteProcessMemory의 일부 작업만을 마쳤습니다. (0x12B)
[0515/183245.429:WARNING:pe_image_reader.cc(340)] could not read dos header from C:\WINDOWS\System32\bcryptPrimitives.dll
[0515/183245.429:ERROR:process_memory_win.cc(73)] ReadMemory at 0x7ffefd8d0000 of 64 bytes failed: ReadProcessMemory 또는 WriteProcessMemory의 일부 작업만을 마쳤습니다. (0x12B)
[0515/183245.429:WARNING:pe_image_reader.cc(340)] could not read dos header from C:\WINDOWS\System32\ADVAPI32.dll
[0515/183245.429:ERROR:process_memory_win.cc(73)] ReadMemory at 0x7ffefd8d0000 of 64 bytes failed: ReadProcessMemory 또는 WriteProcessMemory의 일부 작업만을 마쳤습니다. (0x12B)
[0515/183245.429:WARNING:pe_image_reader.cc(340)] could not read dos header from C:\WINDOWS\System32\ADVAPI32.dll
[0515/183245.429:ERROR:process_memory_win.cc(73)] ReadMemory at 0x7ffefd1b0000 of 64 bytes failed: ReadProcessMemory 또는 WriteProcessMemory의 일부 작업만을 마쳤습니다. (0x12B)
[0515/183245.429:WARNING:pe_image_reader.cc(340)] could not read dos header from C:\WINDOWS\System32\sechost.dll
[0515/183245.429:ERROR:process_memory_win.cc(73)] ReadMemory at 0x7ffefd1b0000 of 64 bytes failed: ReadProcessMemory 또는 WriteProcessMemory의 일부 작업만을 마쳤습니다. (0x12B)
[0515/183245.429:WARNING:pe_image_reader.cc(340)] could not read dos header from C:\WINDOWS\System32\sechost.dll
[0515/183245.429:ERROR:process_memory_win.cc(73)] ReadMemory at 0x7ffefc380000 of 64 bytes failed: ReadProcessMemory 또는 WriteProcessMemory의 일부 작업만을 마쳤습니다. (0x12B)
[0515/183245.429:WARNING:pe_image_reader.cc(340)] could not read dos header from C:\WINDOWS\System32\RPCRT4.dll
[0515/183245.429:ERROR:process_memory_win.cc(73)] ReadMemory at 0x7ffefc380000 of 64 bytes failed: ReadProcessMemory 또는 WriteProcessMemory의 일부 작업만을 마쳤습니다. (0x12B)
[0515/183245.429:WARNING:pe_image_reader.cc(340)] could not read dos header from C:\WINDOWS\System32\RPCRT4.dll
[0515/183245.429:ERROR:process_memory_win.cc(73)] ReadMemory at 0x7ffead770000 of 64 bytes failed: ReadProcessMemory 또는 WriteProcessMemory의 일부 작업만을 마쳤습니다. (0x12B)
[0515/183245.429:WARNING:pe_image_reader.cc(340)] could not read dos header from C:\Program Files (x86)\Google\Chrome\Application\81.0.4044.138\chrome.dll
[0515/183245.429:ERROR:process_memory_win.cc(73)] ReadMemory at 0x7ffead770000 of 64 bytes failed: ReadProcessMemory 또는 WriteProcessMemory의 일부 작업만을 마쳤습니다. (0x12B)
[0515/183245.429:WARNING:pe_image_reader.cc(340)] could not read dos header from C:\Program Files (x86)\Google\Chrome\Application\81.0.4044.138\chrome.dll
[0515/183245.429:ERROR:process_memory_win.cc(73)] ReadMemory at 0x7ffefc700000 of 64 bytes failed: ReadProcessMemory 또는 WriteProcessMemory의 일부 작업만을 마쳤습니다. (0x12B)
[0515/183245.429:WARNING:pe_image_reader.cc(340)] could not read dos header from C:\WINDOWS\System32\WS2_32.dll
[0515/183245.429:ERROR:process_memory_win.cc(73)] ReadMemory at 0x7ffefc700000 of 64 bytes failed: ReadProcessMemory 또는 WriteProcessMemory의 일부 작업만을 마쳤습니다. (0x12B)
[0515/183245.429:WARNING:pe_image_reader.cc(340)] could not read dos header from C:\WINDOWS\System32\WS2_32.dll
[0515/183245.429:ERROR:process_memory_win.cc(73)] ReadMemory at 0x7ffefc770000 of 64 bytes failed: ReadProcessMemory 또는 WriteProcessMemory의 일부 작업만을 마쳤습니다. (0x12B)
[0515/183245.429:WARNING:pe_image_reader.cc(340)] could not read dos header from C:\WINDOWS\System32\OLEAUT32.dll
[0515/183245.429:ERROR:process_memory_win.cc(73)] ReadMemory at 0x7ffefc770000 of 64 bytes failed: ReadProcessMemory 또는 WriteProcessMemory의 일부 작업만을 마쳤습니다. (0x12B)
[0515/183245.429:WARNING:pe_image_reader.cc(340)] could not read dos header from C:\WINDOWS\System32\OLEAUT32.dll
[0515/183245.429:ERROR:process_memory_win.cc(73)] ReadMemory at 0x7ffefc090000 of 64 bytes failed: ReadProcessMemory 또는 WriteProcessMemory의 일부 작업만을 마쳤습니다. (0x12B)
[0515/183245.429:WARNING:pe_image_reader.cc(340)] could not read dos header from C:\WINDOWS\System32\msvcp_win.dll
[0515/183245.429:ERROR:process_memory_win.cc(73)] ReadMemory at 0x7ffefc090000 of 64 bytes failed: ReadProcessMemory 또는 WriteProcessMemory의 일부 작업만을 마쳤습니다. (0x12B)
[0515/183245.429:WARNING:pe_image_reader.cc(340)] could not read dos header from C:\WINDOWS\System32\msvcp_win.dll
[0515/183245.429:ERROR:process_memory_win.cc(73)] ReadMemory at 0x7ffefb310000 of 64 bytes failed: ReadProcessMemory 또는 WriteProcessMemory의 일부 작업만을 마쳤습니다. (0x12B)
[0515/183245.429:WARNING:pe_image_reader.cc(340)] could not read dos header from C:\WINDOWS\System32\ucrtbase.dll
[0515/183245.429:ERROR:process_memory_win.cc(73)] ReadMemory at 0x7ffefb310000 of 64 bytes failed: ReadProcessMemory 또는 WriteProcessMemory의 일부 작업만을 마쳤습니다. (0x12B)
[0515/183245.429:WARNING:pe_image_reader.cc(340)] could not read dos header from C:\WINDOWS\System32\ucrtbase.dll
[0515/183245.429:ERROR:process_memory_win.cc(73)] ReadMemory at 0x7ffefd390000 of 64 bytes failed: ReadProcessMemory 또는 WriteProcessMemory의 일부 작업만을 마쳤습니다. (0x12B)
[0515/183245.429:WARNING:pe_image_reader.cc(340)] could not read dos header from C:\WINDOWS\System32\combase.dll
[0515/183245.429:ERROR:process_memory_win.cc(73)] ReadMemory at 0x7ffefd390000 of 64 bytes failed: ReadProcessMemory 또는 WriteProcessMemory의 일부 작업만을 마쳤습니다. (0x12B)
[0515/183245.429:WARNING:pe_image_reader.cc(340)] could not read dos header from C:\WINDOWS\System32\combase.dll
[0515/183245.429:ERROR:process_memory_win.cc(73)] ReadMemory at 0x7ffefc320000 of 64 bytes failed: ReadProcessMemory 또는 WriteProcessMemory의 일부 작업만을 마쳤습니다. (0x12B)
[0515/183245.429:WARNING:pe_image_reader.cc(340)] could not read dos header from C:\WINDOWS\System32\WINTRUST.dll
[0515/183245.429:ERROR:process_memory_win.cc(73)] ReadMemory at 0x7ffefc320000 of 64 bytes failed: ReadProcessMemory 또는 WriteProcessMemory의 일부 작업만을 마쳤습니다. (0x12B)
[0515/183245.429:WARNING:pe_image_reader.cc(340)] could not read dos header from C:\WINDOWS\System32\WINTRUST.dll
[0515/183245.429:ERROR:process_memory_win.cc(73)] ReadMemory at 0x7ffefb2a0000 of 64 bytes failed: ReadProcessMemory 또는 WriteProcessMemory의 일부 작업만을 마쳤습니다. (0x12B)
[0515/183245.429:WARNING:pe_image_reader.cc(340)] could not read dos header from C:\WINDOWS\System32\MSASN1.dll
[0515/183245.429:ERROR:process_memory_win.cc(73)] ReadMemory at 0x7ffefb2a0000 of 64 bytes failed: ReadProcessMemory 또는 WriteProcessMemory의 일부 작업만을 마쳤습니다. (0x12B)
[0515/183245.429:WARNING:pe_image_reader.cc(340)] could not read dos header from C:\WINDOWS\System32\MSASN1.dll
[0515/183245.429:ERROR:process_memory_win.cc(73)] ReadMemory at 0x7ffefc130000 of 64 bytes failed: ReadProcessMemory 또는 WriteProcessMemory의 일부 작업만을 마쳤습니다. (0x12B)
[0515/183245.429:WARNING:pe_image_reader.cc(340)] could not read dos header from C:\WINDOWS\System32\CRYPT32.dll
[0515/183245.429:ERROR:process_memory_win.cc(73)] ReadMemory at 0x7ffefc130000 of 64 bytes failed: ReadProcessMemory 또는 WriteProcessMemory의 일부 작업만을 마쳤습니다. (0x12B)
[0515/183245.429:WARNING:pe_image_reader.cc(340)] could not read dos header from C:\WINDOWS\System32\CRYPT32.dll
[0515/183245.429:ERROR:process_memory_win.cc(73)] ReadMemory at 0x7ffefa7a0000 of 64 bytes failed: ReadProcessMemory 또는 WriteProcessMemory의 일부 작업만을 마쳤습니다. (0x12B)
[0515/183245.429:WARNING:pe_image_reader.cc(340)] could not read dos header from C:\WINDOWS\SYSTEM32\IPHLPAPI.DLL
[0515/183245.429:ERROR:process_memory_win.cc(73)] ReadMemory at 0x7ffefa7a0000 of 64 bytes failed: ReadProcessMemory 또는 WriteProcessMemory의 일부 작업만을 마쳤습니다. (0x12B)
[0515/183245.429:WARNING:pe_image_reader.cc(340)] could not read dos header from C:\WINDOWS\SYSTEM32\IPHLPAPI.DLL
[0515/183245.430:ERROR:process_memory_win.cc(73)] ReadMemory at 0x7ffef7a20000 of 64 bytes failed: ReadProcessMemory 또는 WriteProcessMemory의 일부 작업만을 마쳤습니다. (0x12B)
[0515/183245.430:WARNING:pe_image_reader.cc(340)] could not read dos header from C:\WINDOWS\SYSTEM32\WINMM.dll
[0515/183245.430:ERROR:process_memory_win.cc(73)] ReadMemory at 0x7ffef7a20000 of 64 bytes failed: ReadProcessMemory 또는 WriteProcessMemory의 일부 작업만을 마쳤습니다. (0x12B)
[0515/183245.430:WARNING:pe_image_reader.cc(340)] could not read dos header from C:\WINDOWS\SYSTEM32\WINMM.dll
[0515/183245.430:ERROR:process_memory_win.cc(73)] ReadMemory at 0x7ffefa300000 of 64 bytes failed: ReadProcessMemory 또는 WriteProcessMemory의 일부 작업만을 마쳤습니다. (0x12B)
[0515/183245.430:WARNING:pe_image_reader.cc(340)] could not read dos header from C:\WINDOWS\SYSTEM32\Secur32.dll
[0515/183245.430:ERROR:process_memory_win.cc(73)] ReadMemory at 0x7ffefa300000 of 64 bytes failed: ReadProcessMemory 또는 WriteProcessMemory의 일부 작업만을 마쳤습니다. (0x12B)
[0515/183245.430:WARNING:pe_image_reader.cc(340)] could not read dos header from C:\WINDOWS\SYSTEM32\Secur32.dll
[0515/183245.430:ERROR:process_memory_win.cc(73)] ReadMemory at 0x7ffefb100000 of 64 bytes failed: ReadProcessMemory 또는 WriteProcessMemory의 일부 작업만을 마쳤습니다. (0x12B)
[0515/183245.430:WARNING:pe_image_reader.cc(340)] could not read dos header from C:\WINDOWS\SYSTEM32\USERENV.dll
[0515/183245.430:ERROR:process_memory_win.cc(73)] ReadMemory at 0x7ffefb100000 of 64 bytes failed: ReadProcessMemory 또는 WriteProcessMemory의 일부 작업만을 마쳤습니다. (0x12B)
[0515/183245.430:WARNING:pe_image_reader.cc(340)] could not read dos header from C:\WINDOWS\SYSTEM32\USERENV.dll
[0515/183245.430:ERROR:process_memory_win.cc(73)] ReadMemory at 0x7ffefb200000 of 64 bytes failed: ReadProcessMemory 또는 WriteProcessMemory의 일부 작업만을 마쳤습니다. (0x12B)
[0515/183245.430:WARNING:pe_image_reader.cc(340)] could not read dos header from C:\WINDOWS\System32\profapi.dll
[0515/183245.430:ERROR:process_memory_win.cc(73)] ReadMemory at 0x7ffefb200000 of 64 bytes failed: ReadProcessMemory 또는 WriteProcessMemory의 일부 작업만을 마쳤습니다. (0x12B)
[0515/183245.430:WARNING:pe_image_reader.cc(340)] could not read dos header from C:\WINDOWS\System32\profapi.dll
[0515/183245.430:ERROR:process_memory_win.cc(73)] ReadMemory at 0x7ffee5cc0000 of 64 bytes failed: ReadProcessMemory 또는 WriteProcessMemory의 일부 작업만을 마쳤습니다. (0x12B)
[0515/183245.430:WARNING:pe_image_reader.cc(340)] could not read dos header from C:\WINDOWS\SYSTEM32\UIAutomationCore.DLL
[0515/183245.430:ERROR:process_memory_win.cc(73)] ReadMemory at 0x7ffee5cc0000 of 64 bytes failed: ReadProcessMemory 또는 WriteProcessMemory의 일부 작업만을 마쳤습니다. (0x12B)
[0515/183245.430:WARNING:pe_image_reader.cc(340)] could not read dos header from C:\WINDOWS\SYSTEM32\UIAutomationCore.DLL
[0515/183245.430:ERROR:process_memory_win.cc(73)] ReadMemory at 0x7ffeedbb0000 of 64 bytes failed: ReadProcessMemory 또는 WriteProcessMemory의 일부 작업만을 마쳤습니다. (0x12B)
[0515/183245.430:WARNING:pe_image_reader.cc(340)] could not read dos header from C:\WINDOWS\SYSTEM32\DWrite.dll
[0515/183245.430:ERROR:process_memory_win.cc(73)] ReadMemory at 0x7ffeedbb0000 of 64 bytes failed: ReadProcessMemory 또는 WriteProcessMemory의 일부 작업만을 마쳤습니다. (0x12B)
[0515/183245.430:WARNING:pe_image_reader.cc(340)] could not read dos header from C:\WINDOWS\SYSTEM32\DWrite.dll
[0515/183245.430:ERROR:process_memory_win.cc(73)] ReadMemory at 0x7ffefa0b0000 of 64 bytes failed: ReadProcessMemory 또는 WriteProcessMemory의 일부 작업만을 마쳤습니다. (0x12B)
[0515/183245.430:WARNING:pe_image_reader.cc(340)] could not read dos header from C:\WINDOWS\SYSTEM32\WINSPOOL.DRV
[0515/183245.430:ERROR:process_memory_win.cc(73)] ReadMemory at 0x7ffefa0b0000 of 64 bytes failed: ReadProcessMemory 또는 WriteProcessMemory의 일부 작업만을 마쳤습니다. (0x12B)
[0515/183245.430:WARNING:pe_image_reader.cc(340)] could not read dos header from C:\WINDOWS\SYSTEM32\WINSPOOL.DRV
[0515/183245.430:ERROR:process_memory_win.cc(73)] ReadMemory at 0x7ffefb230000 of 64 bytes failed: ReadProcessMemory 또는 WriteProcessMemory의 일부 작업만을 마쳤습니다. (0x12B)
[0515/183245.430:WARNING:pe_image_reader.cc(340)] could not read dos header from C:\WINDOWS\System32\kernel.appcore.dll
[0515/183245.430:ERROR:process_memory_win.cc(73)] ReadMemory at 0x7ffefb230000 of 64 bytes failed: ReadProcessMemory 또는 WriteProcessMemory의 일부 작업만을 마쳤습니다. (0x12B)
[0515/183245.430:WARNING:pe_image_reader.cc(340)] could not read dos header from C:\WINDOWS\System32\kernel.appcore.dll
[0515/183245.430:ERROR:process_memory_win.cc(73)] ReadMemory at 0x7ffeebb00000 of 64 bytes failed: ReadProcessMemory 또는 WriteProcessMemory의 일부 작업만을 마쳤습니다. (0x12B)
[0515/183245.430:WARNING:pe_image_reader.cc(340)] could not read dos header from C:\WINDOWS\SYSTEM32\dbghelp.dll
[0515/183245.430:ERROR:process_memory_win.cc(73)] ReadMemory at 0x7ffeebb00000 of 64 bytes failed: ReadProcessMemory 또는 WriteProcessMemory의 일부 작업만을 마쳤습니다. (0x12B)
[0515/183245.430:WARNING:pe_image_reader.cc(340)] could not read dos header from C:\WINDOWS\SYSTEM32\dbghelp.dll
[0515/183245.430:ERROR:process_memory_win.cc(73)] ReadMemory at 0x7ffef7160000 of 64 bytes failed: ReadProcessMemory 또는 WriteProcessMemory의 일부 작업만을 마쳤습니다. (0x12B)
[0515/183245.430:WARNING:pe_image_reader.cc(340)] could not read dos header from C:\WINDOWS\SYSTEM32\WINHTTP.dll
[0515/183245.430:ERROR:process_memory_win.cc(73)] ReadMemory at 0x7ffef7160000 of 64 bytes failed: ReadProcessMemory 또는 WriteProcessMemory의 일부 작업만을 마쳤습니다. (0x12B)
[0515/183245.430:WARNING:pe_image_reader.cc(340)] could not read dos header from C:\WINDOWS\SYSTEM32\WINHTTP.dll
[0515/183245.430:ERROR:process_memory_win.cc(73)] ReadMemory at 0x7ffeed2c0000 of 64 bytes failed: ReadProcessMemory 또는 WriteProcessMemory의 일부 작업만을 마쳤습니다. (0x12B)
[0515/183245.430:WARNING:pe_image_reader.cc(340)] could not read dos header from C:\WINDOWS\SYSTEM32\dhcpcsvc.DLL
[0515/183245.430:ERROR:process_memory_win.cc(73)] ReadMemory at 0x7ffeed2c0000 of 64 bytes failed: ReadProcessMemory 또는 WriteProcessMemory의 일부 작업만을 마쳤습니다. (0x12B)
[0515/183245.430:WARNING:pe_image_reader.cc(340)] could not read dos header from C:\WINDOWS\SYSTEM32\dhcpcsvc.DLL
[0515/183245.430:ERROR:process_memory_win.cc(73)] ReadMemory at 0x1db0d630000 of 64 bytes failed: ReadProcessMemory 또는 WriteProcessMemory의 일부 작업만을 마쳤습니다. (0x12B)
[0515/183245.430:WARNING:pe_image_reader.cc(340)] could not read dos header from C:\WINDOWS\System32\NSI.dll
[0515/183245.430:ERROR:process_memory_win.cc(73)] ReadMemory at 0x1db0d630000 of 64 bytes failed: ReadProcessMemory 또는 WriteProcessMemory의 일부 작업만을 마쳤습니다. (0x12B)
[0515/183245.430:WARNING:pe_image_reader.cc(340)] could not read dos header from C:\WINDOWS\System32\NSI.dll
[0515/183245.430:ERROR:process_memory_win.cc(73)] ReadMemory at 0x7ffef79f0000 of 64 bytes failed: ReadProcessMemory 또는 WriteProcessMemory의 일부 작업만을 마쳤습니다. (0x12B)
[0515/183245.430:WARNING:pe_image_reader.cc(340)] could not read dos header from C:\WINDOWS\SYSTEM32\WINMMBASE.dll
[0515/183245.430:ERROR:process_memory_win.cc(73)] ReadMemory at 0x7ffef79f0000 of 64 bytes failed: ReadProcessMemory 또는 WriteProcessMemory의 일부 작업만을 마쳤습니다. (0x12B)
[0515/183245.430:WARNING:pe_image_reader.cc(340)] could not read dos header from C:\WINDOWS\SYSTEM32\WINMMBASE.dll
[0515/183245.430:ERROR:process_memory_win.cc(73)] ReadMemory at 0x7ffefb2c0000 of 64 bytes failed: ReadProcessMemory 또는 WriteProcessMemory의 일부 작업만을 마쳤습니다. (0x12B)
[0515/183245.430:WARNING:pe_image_reader.cc(340)] could not read dos header from C:\WINDOWS\System32\cfgmgr32.dll
[0515/183245.430:ERROR:process_memory_win.cc(73)] ReadMemory at 0x7ffefb2c0000 of 64 bytes failed: ReadProcessMemory 또는 WriteProcessMemory의 일부 작업만을 마쳤습니다. (0x12B)
[0515/183245.430:WARNING:pe_image_reader.cc(340)] could not read dos header from C:\WINDOWS\System32\cfgmgr32.dll
[0515/183245.430:ERROR:process_memory_win.cc(73)] ReadMemory at 0x7ffef9ef0000 of 64 bytes failed: ReadProcessMemory 또는 WriteProcessMemory의 일부 작업만을 마쳤습니다. (0x12B)
[0515/183245.430:WARNING:pe_image_reader.cc(340)] could not read dos header from C:\WINDOWS\SYSTEM32\PROPSYS.dll
[0515/183245.430:ERROR:process_memory_win.cc(73)] ReadMemory at 0x7ffef9ef0000 of 64 bytes failed: ReadProcessMemory 또는 WriteProcessMemory의 일부 작업만을 마쳤습니다. (0x12B)
[0515/183245.430:WARNING:pe_image_reader.cc(340)] could not read dos header from C:\WINDOWS\SYSTEM32\PROPSYS.dll
[0515/183245.430:ERROR:process_memory_win.cc(73)] ReadMemory at 0x7ffefc4b0000 of 64 bytes failed: ReadProcessMemory 또는 WriteProcessMemory의 일부 작업만을 마쳤습니다. (0x12B)
[0515/183245.430:WARNING:pe_image_reader.cc(340)] could not read dos header from C:\WINDOWS\System32\shcore.dll
[0515/183245.430:ERROR:process_memory_win.cc(73)] ReadMemory at 0x7ffefc4b0000 of 64 bytes failed: ReadProcessMemory 또는 WriteProcessMemory의 일부 작업만을 마쳤습니다. (0x12B)
[0515/183245.430:WARNING:pe_image_reader.cc(340)] could not read dos header from C:\WINDOWS\System32\shcore.dll
[0515/183245.430:ERROR:process_memory_win.cc(73)] ReadMemory at 0x7ffefad00000 of 64 bytes failed: ReadProcessMemory 또는 WriteProcessMemory의 일부 작업만을 마쳤습니다. (0x12B)
[0515/183245.430:WARNING:pe_image_reader.cc(340)] could not read dos header from C:\WINDOWS\SYSTEM32\bcrypt.dll
[0515/183245.430:ERROR:process_memory_win.cc(73)] ReadMemory at 0x7ffefad00000 of 64 bytes failed: ReadProcessMemory 또는 WriteProcessMemory의 일부 작업만을 마쳤습니다. (0x12B)
[0515/183245.430:WARNING:pe_image_reader.cc(340)] could not read dos header from C:\WINDOWS\SYSTEM32\bcrypt.dll
[0515/183245.430:ERROR:process_memory_win.cc(73)] ReadMemory at 0x7ffefb130000 of 64 bytes failed: ReadProcessMemory 또는 WriteProcessMemory의 일부 작업만을 마쳤습니다. (0x12B)
[0515/183245.430:WARNING:pe_image_reader.cc(340)] could not read dos header from C:\WINDOWS\SYSTEM32\SSPICLI.DLL
[0515/183245.430:ERROR:process_memory_win.cc(73)] ReadMemory at 0x7ffefb130000 of 64 bytes failed: ReadProcessMemory 또는 WriteProcessMemory의 일부 작업만을 마쳤습니다. (0x12B)
[0515/183245.430:WARNING:pe_image_reader.cc(340)] could not read dos header from C:\WINDOWS\SYSTEM32\SSPICLI.DLL
[0515/183245.431:ERROR:process_memory_win.cc(73)] ReadMemory at 0x7ffefabf0000 of 64 bytes failed: ReadProcessMemory 또는 WriteProcessMemory의 일부 작업만을 마쳤습니다. (0x12B)
[0515/183245.431:WARNING:pe_image_reader.cc(340)] could not read dos header from C:\WINDOWS\SYSTEM32\CRYPTBASE.DLL
[0515/183245.431:ERROR:process_memory_win.cc(73)] ReadMemory at 0x7ffefabf0000 of 64 bytes failed: ReadProcessMemory 또는 WriteProcessMemory의 일부 작업만을 마쳤습니다. (0x12B)
[0515/183245.431:WARNING:pe_image_reader.cc(340)] could not read dos header from C:\WINDOWS\SYSTEM32\CRYPTBASE.DLL
[0515/183245.444:ERROR:process_memory_win.cc(73)] ReadMemory at 0x7ff79c170000 of 64 bytes failed: ReadProcessMemory 또는 WriteProcessMemory의 일부 작업만을 마쳤습니다. (0x12B)
[0515/183245.444:WARNING:pe_image_reader.cc(340)] could not read dos header from C:\Program Files (x86)\Google\Chrome\Application\chrome.exe
[0515/183245.444:ERROR:process_memory_win.cc(73)] ReadMemory at 0x7ffefeef0000 of 64 bytes failed: ReadProcessMemory 또는 WriteProcessMemory의 일부 작업만을 마쳤습니다. (0x12B)
[0515/183245.444:WARNING:pe_image_reader.cc(340)] could not read dos header from C:\WINDOWS\SYSTEM32\ntdll.dll
[0515/183245.444:ERROR:process_memory_win.cc(73)] ReadMemory at 0x7ffefc840000 of 64 bytes failed: ReadProcessMemory 또는 WriteProcessMemory의 일부 작업만을 마쳤습니다. (0x12B)
[0515/183245.444:WARNING:pe_image_reader.cc(340)] could not read dos header from C:\WINDOWS\System32\KERNEL32.DLL
[0515/183245.444:ERROR:process_memory_win.cc(73)] ReadMemory at 0x7ffefbb20000 of 64 bytes failed: ReadProcessMemory 또는 WriteProcessMemory의 일부 작업만을 마쳤습니다. (0x12B)
[0515/183245.444:WARNING:pe_image_reader.cc(340)] could not read dos header from C:\WINDOWS\System32\KERNELBASE.dll
[0515/183245.444:ERROR:process_memory_win.cc(73)] ReadMemory at 0x7ffed5a70000 of 64 bytes failed: ReadProcessMemory 또는 WriteProcessMemory의 일부 작업만을 마쳤습니다. (0x12B)
[0515/183245.444:WARNING:pe_image_reader.cc(340)] could not read dos header from C:\Program Files (x86)\Google\Chrome\Application\81.0.4044.138\chrome_elf.dll
[0515/183245.444:ERROR:process_memory_win.cc(73)] ReadMemory at 0x7ffef60c0000 of 64 bytes failed: ReadProcessMemory 또는 WriteProcessMemory의 일부 작업만을 마쳤습니다. (0x12B)
[0515/183245.444:WARNING:pe_image_reader.cc(340)] could not read dos header from C:\WINDOWS\SYSTEM32\VERSION.dll
[0515/183245.444:ERROR:process_memory_win.cc(73)] ReadMemory at 0x7ffefd110000 of 64 bytes failed: ReadProcessMemory 또는 WriteProcessMemory의 일부 작업만을 마쳤습니다. (0x12B)
[0515/183245.444:WARNING:pe_image_reader.cc(340)] could not read dos header from C:\WINDOWS\System32\msvcrt.dll
[0515/183245.444:ERROR:process_memory_win.cc(73)] ReadMemory at 0x7ffefbda0000 of 64 bytes failed: ReadProcessMemory 또는 WriteProcessMemory의 일부 작업만을 마쳤습니다. (0x12B)
[0515/183245.444:WARNING:pe_image_reader.cc(340)] could not read dos header from C:\WINDOWS\System32\bcryptPrimitives.dll
[0515/183245.444:ERROR:process_memory_win.cc(73)] ReadMemory at 0x7ffefd8d0000 of 64 bytes failed: ReadProcessMemory 또는 WriteProcessMemory의 일부 작업만을 마쳤습니다. (0x12B)
[0515/183245.444:WARNING:pe_image_reader.cc(340)] could not read dos header from C:\WINDOWS\System32\ADVAPI32.dll
[0515/183245.444:ERROR:process_memory_win.cc(73)] ReadMemory at 0x7ffefd1b0000 of 64 bytes failed: ReadProcessMemory 또는 WriteProcessMemory의 일부 작업만을 마쳤습니다. (0x12B)
[0515/183245.444:WARNING:pe_image_reader.cc(340)] could not read dos header from C:\WINDOWS\System32\sechost.dll
[0515/183245.444:ERROR:process_memory_win.cc(73)] ReadMemory at 0x7ffefc380000 of 64 bytes failed: ReadProcessMemory 또는 WriteProcessMemory의 일부 작업만을 마쳤습니다. (0x12B)
[0515/183245.444:WARNING:pe_image_reader.cc(340)] could not read dos header from C:\WINDOWS\System32\RPCRT4.dll
[0515/183245.444:ERROR:process_memory_win.cc(73)] ReadMemory at 0x7ffead770000 of 64 bytes failed: ReadProcessMemory 또는 WriteProcessMemory의 일부 작업만을 마쳤습니다. (0x12B)
[0515/183245.444:WARNING:pe_image_reader.cc(340)] could not read dos header from C:\Program Files (x86)\Google\Chrome\Application\81.0.4044.138\chrome.dll
[0515/183245.444:ERROR:process_memory_win.cc(73)] ReadMemory at 0x7ffefc700000 of 64 bytes failed: ReadProcessMemory 또는 WriteProcessMemory의 일부 작업만을 마쳤습니다. (0x12B)
[0515/183245.444:WARNING:pe_image_reader.cc(340)] could not read dos header from C:\WINDOWS\System32\WS2_32.dll
[0515/183245.444:ERROR:process_memory_win.cc(73)] ReadMemory at 0x7ffefc770000 of 64 bytes failed: ReadProcessMemory 또는 WriteProcessMemory의 일부 작업만을 마쳤습니다. (0x12B)
[0515/183245.444:WARNING:pe_image_reader.cc(340)] could not read dos header from C:\WINDOWS\System32\OLEAUT32.dll
[0515/183245.444:ERROR:process_memory_win.cc(73)] ReadMemory at 0x7ffefc090000 of 64 bytes failed: ReadProcessMemory 또는 WriteProcessMemory의 일부 작업만을 마쳤습니다. (0x12B)
[0515/183245.444:WARNING:pe_image_reader.cc(340)] could not read dos header from C:\WINDOWS\System32\msvcp_win.dll
[0515/183245.444:ERROR:process_memory_win.cc(73)] ReadMemory at 0x7ffefb310000 of 64 bytes failed: ReadProcessMemory 또는 WriteProcessMemory의 일부 작업만을 마쳤습니다. (0x12B)
[0515/183245.444:WARNING:pe_image_reader.cc(340)] could not read dos header from C:\WINDOWS\System32\ucrtbase.dll
[0515/183245.444:ERROR:process_memory_win.cc(73)] ReadMemory at 0x7ffefd390000 of 64 bytes failed: ReadProcessMemory 또는 WriteProcessMemory의 일부 작업만을 마쳤습니다. (0x12B)
[0515/183245.444:WARNING:pe_image_reader.cc(340)] could not read dos header from C:\WINDOWS\System32\combase.dll
[0515/183245.444:ERROR:process_memory_win.cc(73)] ReadMemory at 0x7ffefc320000 of 64 bytes failed: ReadProcessMemory 또는 WriteProcessMemory의 일부 작업만을 마쳤습니다. (0x12B)
[0515/183245.444:WARNING:pe_image_reader.cc(340)] could not read dos header from C:\WINDOWS\System32\WINTRUST.dll
[0515/183245.444:ERROR:process_memory_win.cc(73)] ReadMemory at 0x7ffefb2a0000 of 64 bytes failed: ReadProcessMemory 또는 WriteProcessMemory의 일부 작업만을 마쳤습니다. (0x12B)
[0515/183245.444:WARNING:pe_image_reader.cc(340)] could not read dos header from C:\WINDOWS\System32\MSASN1.dll
[0515/183245.444:ERROR:process_memory_win.cc(73)] ReadMemory at 0x7ffefc130000 of 64 bytes failed: ReadProcessMemory 또는 WriteProcessMemory의 일부 작업만을 마쳤습니다. (0x12B)
[0515/183245.444:WARNING:pe_image_reader.cc(340)] could not read dos header from C:\WINDOWS\System32\CRYPT32.dll
[0515/183245.444:ERROR:process_memory_win.cc(73)] ReadMemory at 0x7ffefa7a0000 of 64 bytes failed: ReadProcessMemory 또는 WriteProcessMemory의 일부 작업만을 마쳤습니다. (0x12B)
[0515/183245.444:WARNING:pe_image_reader.cc(340)] could not read dos header from C:\WINDOWS\SYSTEM32\IPHLPAPI.DLL
[0515/183245.444:ERROR:process_memory_win.cc(73)] ReadMemory at 0x7ffef7a20000 of 64 bytes failed: ReadProcessMemory 또는 WriteProcessMemory의 일부 작업만을 마쳤습니다. (0x12B)
[0515/183245.444:WARNING:pe_image_reader.cc(340)] could not read dos header from C:\WINDOWS\SYSTEM32\WINMM.dll
[0515/183245.444:ERROR:process_memory_win.cc(73)] ReadMemory at 0x7ffefa300000 of 64 bytes failed: ReadProcessMemory 또는 WriteProcessMemory의 일부 작업만을 마쳤습니다. (0x12B)
[0515/183245.444:WARNING:pe_image_reader.cc(340)] could not read dos header from C:\WINDOWS\SYSTEM32\Secur32.dll
[0515/183245.444:ERROR:process_memory_win.cc(73)] ReadMemory at 0x7ffefb100000 of 64 bytes failed: ReadProcessMemory 또는 WriteProcessMemory의 일부 작업만을 마쳤습니다. (0x12B)
[0515/183245.444:WARNING:pe_image_reader.cc(340)] could not read dos header from C:\WINDOWS\SYSTEM32\USERENV.dll
[0515/183245.444:ERROR:process_memory_win.cc(73)] ReadMemory at 0x7ffefb200000 of 64 bytes failed: ReadProcessMemory 또는 WriteProcessMemory의 일부 작업만을 마쳤습니다. (0x12B)
[0515/183245.444:WARNING:pe_image_reader.cc(340)] could not read dos header from C:\WINDOWS\System32\profapi.dll
[0515/183245.444:ERROR:process_memory_win.cc(73)] ReadMemory at 0x7ffee5cc0000 of 64 bytes failed: ReadProcessMemory 또는 WriteProcessMemory의 일부 작업만을 마쳤습니다. (0x12B)
[0515/183245.444:WARNING:pe_image_reader.cc(340)] could not read dos header from C:\WINDOWS\SYSTEM32\UIAutomationCore.DLL
[0515/183245.444:ERROR:process_memory_win.cc(73)] ReadMemory at 0x7ffeedbb0000 of 64 bytes failed: ReadProcessMemory 또는 WriteProcessMemory의 일부 작업만을 마쳤습니다. (0x12B)
[0515/183245.444:WARNING:pe_image_reader.cc(340)] could not read dos header from C:\WINDOWS\SYSTEM32\DWrite.dll
[0515/183245.444:ERROR:process_memory_win.cc(73)] ReadMemory at 0x7ffefa0b0000 of 64 bytes failed: ReadProcessMemory 또는 WriteProcessMemory의 일부 작업만을 마쳤습니다. (0x12B)
[0515/183245.444:WARNING:pe_image_reader.cc(340)] could not read dos header from C:\WINDOWS\SYSTEM32\WINSPOOL.DRV
[0515/183245.444:ERROR:process_memory_win.cc(73)] ReadMemory at 0x7ffefb230000 of 64 bytes failed: ReadProcessMemory 또는 WriteProcessMemory의 일부 작업만을 마쳤습니다. (0x12B)
[0515/183245.444:WARNING:pe_image_reader.cc(340)] could not read dos header from C:\WINDOWS\System32\kernel.appcore.dll
[0515/183245.444:ERROR:process_memory_win.cc(73)] ReadMemory at 0x7ffeebb00000 of 64 bytes failed: ReadProcessMemory 또는 WriteProcessMemory의 일부 작업만을 마쳤습니다. (0x12B)
[0515/183245.444:WARNING:pe_image_reader.cc(340)] could not read dos header from C:\WINDOWS\SYSTEM32\dbghelp.dll
[0515/183245.444:ERROR:process_memory_win.cc(73)] ReadMemory at 0x7ffef7160000 of 64 bytes failed: ReadProcessMemory 또는 WriteProcessMemory의 일부 작업만을 마쳤습니다. (0x12B)
[0515/183245.444:WARNING:pe_image_reader.cc(340)] could not read dos header from C:\WINDOWS\SYSTEM32\WINHTTP.dll
[0515/183245.444:ERROR:process_memory_win.cc(73)] ReadMemory at 0x7ffeed2c0000 of 64 bytes failed: ReadProcessMemory 또는 WriteProcessMemory의 일부 작업만을 마쳤습니다. (0x12B)
[0515/183245.444:WARNING:pe_image_reader.cc(340)] could not read dos header from C:\WINDOWS\SYSTEM32\dhcpcsvc.DLL
[0515/183245.444:ERROR:process_memory_win.cc(73)] ReadMemory at 0x1db0d630000 of 64 bytes failed: ReadProcessMemory 또는 WriteProcessMemory의 일부 작업만을 마쳤습니다. (0x12B)
[0515/183245.444:WARNING:pe_image_reader.cc(340)] could not read dos header from C:\WINDOWS\System32\NSI.dll
[0515/183245.444:ERROR:process_memory_win.cc(73)] ReadMemory at 0x7ffef79f0000 of 64 bytes failed: ReadProcessMemory 또는 WriteProcessMemory의 일부 작업만을 마쳤습니다. (0x12B)
[0515/183245.444:WARNING:pe_image_reader.cc(340)] could not read dos header from C:\WINDOWS\SYSTEM32\WINMMBASE.dll
[0515/183245.444:ERROR:process_memory_win.cc(73)] ReadMemory at 0x7ffefb2c0000 of 64 bytes failed: ReadProcessMemory 또는 WriteProcessMemory의 일부 작업만을 마쳤습니다. (0x12B)
[0515/183245.444:WARNING:pe_image_reader.cc(340)] could not read dos header from C:\WINDOWS\System32\cfgmgr32.dll
[0515/183245.444:ERROR:process_memory_win.cc(73)] ReadMemory at 0x7ffef9ef0000 of 64 bytes failed: ReadProcessMemory 또는 WriteProcessMemory의 일부 작업만을 마쳤습니다. (0x12B)
[0515/183245.444:WARNING:pe_image_reader.cc(340)] could not read dos header from C:\WINDOWS\SYSTEM32\PROPSYS.dll
[0515/183245.444:ERROR:process_memory_win.cc(73)] ReadMemory at 0x7ffefc4b0000 of 64 bytes failed: ReadProcessMemory 또는 WriteProcessMemory의 일부 작업만을 마쳤습니다. (0x12B)
[0515/183245.444:WARNING:pe_image_reader.cc(340)] could not read dos header from C:\WINDOWS\System32\shcore.dll
[0515/183245.444:ERROR:process_memory_win.cc(73)] ReadMemory at 0x7ffefad00000 of 64 bytes failed: ReadProcessMemory 또는 WriteProcessMemory의 일부 작업만을 마쳤습니다. (0x12B)
[0515/183245.444:WARNING:pe_image_reader.cc(340)] could not read dos header from C:\WINDOWS\SYSTEM32\bcrypt.dll
[0515/183245.444:ERROR:process_memory_win.cc(73)] ReadMemory at 0x7ffefb130000 of 64 bytes failed: ReadProcessMemory 또는 WriteProcessMemory의 일부 작업만을 마쳤습니다. (0x12B)
[0515/183245.444:WARNING:pe_image_reader.cc(340)] could not read dos header from C:\WINDOWS\SYSTEM32\SSPICLI.DLL
[0515/183245.444:ERROR:process_memory_win.cc(73)] ReadMemory at 0x7ffefabf0000 of 64 bytes failed: ReadProcessMemory 또는 WriteProcessMemory의 일부 작업만을 마쳤습니다. (0x12B)
[0515/183245.444:WARNING:pe_image_reader.cc(340)] could not read dos header from C:\WINDOWS\SYSTEM32\CRYPTBASE.DLL
[0515/183245.444:ERROR:process_memory_win.cc(73)] ReadMemory at 0x7ff79c170000 of 64 bytes failed: ReadProcessMemory 또는 WriteProcessMemory의 일부 작업만을 마쳤습니다. (0x12B)
[0515/183245.444:WARNING:pe_image_reader.cc(340)] could not read dos header from C:\Program Files (x86)\Google\Chrome\Application\chrome.exe
[0515/183245.444:ERROR:process_memory_win.cc(73)] ReadMemory at 0x7ffefeef0000 of 64 bytes failed: ReadProcessMemory 또는 WriteProcessMemory의 일부 작업만을 마쳤습니다. (0x12B)
[0515/183245.444:WARNING:pe_image_reader.cc(340)] could not read dos header from C:\WINDOWS\SYSTEM32\ntdll.dll
[0515/183245.444:ERROR:process_memory_win.cc(73)] ReadMemory at 0x7ffefc840000 of 64 bytes failed: ReadProcessMemory 또는 WriteProcessMemory의 일부 작업만을 마쳤습니다. (0x12B)
[0515/183245.444:WARNING:pe_image_reader.cc(340)] could not read dos header from C:\WINDOWS\System32\KERNEL32.DLL
[0515/183245.444:ERROR:process_memory_win.cc(73)] ReadMemory at 0x7ffefbb20000 of 64 bytes failed: ReadProcessMemory 또는 WriteProcessMemory의 일부 작업만을 마쳤습니다. (0x12B)
[0515/183245.444:WARNING:pe_image_reader.cc(340)] could not read dos header from C:\WINDOWS\System32\KERNELBASE.dll
[0515/183245.444:ERROR:process_memory_win.cc(73)] ReadMemory at 0x7ffed5a70000 of 64 bytes failed: ReadProcessMemory 또는 WriteProcessMemory의 일부 작업만을 마쳤습니다. (0x12B)
[0515/183245.444:WARNING:pe_image_reader.cc(340)] could not read dos header from C:\Program Files (x86)\Google\Chrome\Application\81.0.4044.138\chrome_elf.dll
[0515/183245.444:ERROR:process_memory_win.cc(73)] ReadMemory at 0x7ffef60c0000 of 64 bytes failed: ReadProcessMemory 또는 WriteProcessMemory의 일부 작업만을 마쳤습니다. (0x12B)
[0515/183245.444:WARNING:pe_image_reader.cc(340)] could not read dos header from C:\WINDOWS\SYSTEM32\VERSION.dll
[0515/183245.444:ERROR:process_memory_win.cc(73)] ReadMemory at 0x7ffefd110000 of 64 bytes failed: ReadProcessMemory 또는 WriteProcessMemory의 일부 작업만을 마쳤습니다. (0x12B)
[0515/183245.444:WARNING:pe_image_reader.cc(340)] could not read dos header from C:\WINDOWS\System32\msvcrt.dll
[0515/183245.444:ERROR:process_memory_win.cc(73)] ReadMemory at 0x7ffefbda0000 of 64 bytes failed: ReadProcessMemory 또는 WriteProcessMemory의 일부 작업만을 마쳤습니다. (0x12B)
[0515/183245.444:WARNING:pe_image_reader.cc(340)] could not read dos header from C:\WINDOWS\System32\bcryptPrimitives.dll
[0515/183245.444:ERROR:process_memory_win.cc(73)] ReadMemory at 0x7ffefd8d0000 of 64 bytes failed: ReadProcessMemory 또는 WriteProcessMemory의 일부 작업만을 마쳤습니다. (0x12B)
[0515/183245.444:WARNING:pe_image_reader.cc(340)] could not read dos header from C:\WINDOWS\System32\ADVAPI32.dll
[0515/183245.444:ERROR:process_memory_win.cc(73)] ReadMemory at 0x7ffefd1b0000 of 64 bytes failed: ReadProcessMemory 또는 WriteProcessMemory의 일부 작업만을 마쳤습니다. (0x12B)
[0515/183245.444:WARNING:pe_image_reader.cc(340)] could not read dos header from C:\WINDOWS\System32\sechost.dll
[0515/183245.444:ERROR:process_memory_win.cc(73)] ReadMemory at 0x7ffefc380000 of 64 bytes failed: ReadProcessMemory 또는 WriteProcessMemory의 일부 작업만을 마쳤습니다. (0x12B)
[0515/183245.444:WARNING:pe_image_reader.cc(340)] could not read dos header from C:\WINDOWS\System32\RPCRT4.dll
[0515/183245.444:ERROR:process_memory_win.cc(73)] ReadMemory at 0x7ffead770000 of 64 bytes failed: ReadProcessMemory 또는 WriteProcessMemory의 일부 작업만을 마쳤습니다. (0x12B)
[0515/183245.444:WARNING:pe_image_reader.cc(340)] could not read dos header from C:\Program Files (x86)\Google\Chrome\Application\81.0.4044.138\chrome.dll
[0515/183245.444:ERROR:process_memory_win.cc(73)] ReadMemory at 0x7ffefc700000 of 64 bytes failed: ReadProcessMemory 또는 WriteProcessMemory의 일부 작업만을 마쳤습니다. (0x12B)
[0515/183245.444:WARNING:pe_image_reader.cc(340)] could not read dos header from C:\WINDOWS\System32\WS2_32.dll
[0515/183245.444:ERROR:process_memory_win.cc(73)] ReadMemory at 0x7ffefc770000 of 64 bytes failed: ReadProcessMemory 또는 WriteProcessMemory의 일부 작업만을 마쳤습니다. (0x12B)
[0515/183245.444:WARNING:pe_image_reader.cc(340)] could not read dos header from C:\WINDOWS\System32\OLEAUT32.dll
[0515/183245.444:ERROR:process_memory_win.cc(73)] ReadMemory at 0x7ffefc090000 of 64 bytes failed: ReadProcessMemory 또는 WriteProcessMemory의 일부 작업만을 마쳤습니다. (0x12B)
[0515/183245.444:WARNING:pe_image_reader.cc(340)] could not read dos header from C:\WINDOWS\System32\msvcp_win.dll
[0515/183245.444:ERROR:process_memory_win.cc(73)] ReadMemory at 0x7ffefb310000 of 64 bytes failed: ReadProcessMemory 또는 WriteProcessMemory의 일부 작업만을 마쳤습니다. (0x12B)
[0515/183245.444:WARNING:pe_image_reader.cc(340)] could not read dos header from C:\WINDOWS\System32\ucrtbase.dll
[0515/183245.444:ERROR:process_memory_win.cc(73)] ReadMemory at 0x7ffefd390000 of 64 bytes failed: ReadProcessMemory 또는 WriteProcessMemory의 일부 작업만을 마쳤습니다. (0x12B)
[0515/183245.444:WARNING:pe_image_reader.cc(340)] could not read dos header from C:\WINDOWS\System32\combase.dll
[0515/183245.444:ERROR:process_memory_win.cc(73)] ReadMemory at 0x7ffefc320000 of 64 bytes failed: ReadProcessMemory 또는 WriteProcessMemory의 일부 작업만을 마쳤습니다. (0x12B)
[0515/183245.444:WARNING:pe_image_reader.cc(340)] could not read dos header from C:\WINDOWS\System32\WINTRUST.dll
[0515/183245.444:ERROR:process_memory_win.cc(73)] ReadMemory at 0x7ffefb2a0000 of 64 bytes failed: ReadProcessMemory 또는 WriteProcessMemory의 일부 작업만을 마쳤습니다. (0x12B)
[0515/183245.444:WARNING:pe_image_reader.cc(340)] could not read dos header from C:\WINDOWS\System32\MSASN1.dll
[0515/183245.444:ERROR:process_memory_win.cc(73)] ReadMemory at 0x7ffefc130000 of 64 bytes failed: ReadProcessMemory 또는 WriteProcessMemory의 일부 작업만을 마쳤습니다. (0x12B)
[0515/183245.444:WARNING:pe_image_reader.cc(340)] could not read dos header from C:\WINDOWS\System32\CRYPT32.dll
[0515/183245.444:ERROR:process_memory_win.cc(73)] ReadMemory at 0x7ffefa7a0000 of 64 bytes failed: ReadProcessMemory 또는 WriteProcessMemory의 일부 작업만을 마쳤습니다. (0x12B)
[0515/183245.444:WARNING:pe_image_reader.cc(340)] could not read dos header from C:\WINDOWS\SYSTEM32\IPHLPAPI.DLL
[0515/183245.444:ERROR:process_memory_win.cc(73)] ReadMemory at 0x7ffef7a20000 of 64 bytes failed: ReadProcessMemory 또는 WriteProcessMemory의 일부 작업만을 마쳤습니다. (0x12B)
[0515/183245.444:WARNING:pe_image_reader.cc(340)] could not read dos header from C:\WINDOWS\SYSTEM32\WINMM.dll
[0515/183245.444:ERROR:process_memory_win.cc(73)] ReadMemory at 0x7ffefa300000 of 64 bytes failed: ReadProcessMemory 또는 WriteProcessMemory의 일부 작업만을 마쳤습니다. (0x12B)
[0515/183245.444:WARNING:pe_image_reader.cc(340)] could not read dos header from C:\WINDOWS\SYSTEM32\Secur32.dll
[0515/183245.444:ERROR:process_memory_win.cc(73)] ReadMemory at 0x7ffefb100000 of 64 bytes failed: ReadProcessMemory 또는 WriteProcessMemory의 일부 작업만을 마쳤습니다. (0x12B)
[0515/183245.444:WARNING:pe_image_reader.cc(340)] could not read dos header from C:\WINDOWS\SYSTEM32\USERENV.dll
[0515/183245.444:ERROR:process_memory_win.cc(73)] ReadMemory at 0x7ffefb200000 of 64 bytes failed: ReadProcessMemory 또는 WriteProcessMemory의 일부 작업만을 마쳤습니다. (0x12B)
[0515/183245.444:WARNING:pe_image_reader.cc(340)] could not read dos header from C:\WINDOWS\System32\profapi.dll
[0515/183245.444:ERROR:process_memory_win.cc(73)] ReadMemory at 0x7ffee5cc0000 of 64 bytes failed: ReadProcessMemory 또는 WriteProcessMemory의 일부 작업만을 마쳤습니다. (0x12B)
[0515/183245.444:WARNING:pe_image_reader.cc(340)] could not read dos header from C:\WINDOWS\SYSTEM32\UIAutomationCore.DLL
[0515/183245.444:ERROR:process_memory_win.cc(73)] ReadMemory at 0x7ffeedbb0000 of 64 bytes failed: ReadProcessMemory 또는 WriteProcessMemory의 일부 작업만을 마쳤습니다. (0x12B)
[0515/183245.444:WARNING:pe_image_reader.cc(340)] could not read dos header from C:\WINDOWS\SYSTEM32\DWrite.dll
[0515/183245.444:ERROR:process_memory_win.cc(73)] ReadMemory at 0x7ffefa0b0000 of 64 bytes failed: ReadProcessMemory 또는 WriteProcessMemory의 일부 작업만을 마쳤습니다. (0x12B)
[0515/183245.444:WARNING:pe_image_reader.cc(340)] could not read dos header from C:\WINDOWS\SYSTEM32\WINSPOOL.DRV
[0515/183245.444:ERROR:process_memory_win.cc(73)] ReadMemory at 0x7ffefb230000 of 64 bytes failed: ReadProcessMemory 또는 WriteProcessMemory의 일부 작업만을 마쳤습니다. (0x12B)
[0515/183245.444:WARNING:pe_image_reader.cc(340)] could not read dos header from C:\WINDOWS\System32\kernel.appcore.dll
[0515/183245.444:ERROR:process_memory_win.cc(73)] ReadMemory at 0x7ffeebb00000 of 64 bytes failed: ReadProcessMemory 또는 WriteProcessMemory의 일부 작업만을 마쳤습니다. (0x12B)
[0515/183245.444:WARNING:pe_image_reader.cc(340)] could not read dos header from C:\WINDOWS\SYSTEM32\dbghelp.dll
[0515/183245.444:ERROR:process_memory_win.cc(73)] ReadMemory at 0x7ffef7160000 of 64 bytes failed: ReadProcessMemory 또는 WriteProcessMemory의 일부 작업만을 마쳤습니다. (0x12B)
[0515/183245.444:WARNING:pe_image_reader.cc(340)] could not read dos header from C:\WINDOWS\SYSTEM32\WINHTTP.dll
[0515/183245.444:ERROR:process_memory_win.cc(73)] ReadMemory at 0x7ffeed2c0000 of 64 bytes failed: ReadProcessMemory 또는 WriteProcessMemory의 일부 작업만을 마쳤습니다. (0x12B)
[0515/183245.444:WARNING:pe_image_reader.cc(340)] could not read dos header from C:\WINDOWS\SYSTEM32\dhcpcsvc.DLL
[0515/183245.444:ERROR:process_memory_win.cc(73)] ReadMemory at 0x1db0d630000 of 64 bytes failed: ReadProcessMemory 또는 WriteProcessMemory의 일부 작업만을 마쳤습니다. (0x12B)
[0515/183245.444:WARNING:pe_image_reader.cc(340)] could not read dos header from C:\WINDOWS\System32\NSI.dll
[0515/183245.444:ERROR:process_memory_win.cc(73)] ReadMemory at 0x7ffef79f0000 of 64 bytes failed: ReadProcessMemory 또는 WriteProcessMemory의 일부 작업만을 마쳤습니다. (0x12B)
[0515/183245.444:WARNING:pe_image_reader.cc(340)] could not read dos header from C:\WINDOWS\SYSTEM32\WINMMBASE.dll
[0515/183245.444:ERROR:process_memory_win.cc(73)] ReadMemory at 0x7ffefb2c0000 of 64 bytes failed: ReadProcessMemory 또는 WriteProcessMemory의 일부 작업만을 마쳤습니다. (0x12B)
[0515/183245.444:WARNING:pe_image_reader.cc(340)] could not read dos header from C:\WINDOWS\System32\cfgmgr32.dll
[0515/183245.444:ERROR:process_memory_win.cc(73)] ReadMemory at 0x7ffef9ef0000 of 64 bytes failed: ReadProcessMemory 또는 WriteProcessMemory의 일부 작업만을 마쳤습니다. (0x12B)
[0515/183245.444:WARNING:pe_image_reader.cc(340)] could not read dos header from C:\WINDOWS\SYSTEM32\PROPSYS.dll
[0515/183245.444:ERROR:process_memory_win.cc(73)] ReadMemory at 0x7ffefc4b0000 of 64 bytes failed: ReadProcessMemory 또는 WriteProcessMemory의 일부 작업만을 마쳤습니다. (0x12B)
[0515/183245.444:WARNING:pe_image_reader.cc(340)] could not read dos header from C:\WINDOWS\System32\shcore.dll
[0515/183245.444:ERROR:process_memory_win.cc(73)] ReadMemory at 0x7ffefad00000 of 64 bytes failed: ReadProcessMemory 또는 WriteProcessMemory의 일부 작업만을 마쳤습니다. (0x12B)
[0515/183245.444:WARNING:pe_image_reader.cc(340)] could not read dos header from C:\WINDOWS\SYSTEM32\bcrypt.dll
[0515/183245.444:ERROR:process_memory_win.cc(73)] ReadMemory at 0x7ffefb130000 of 64 bytes failed: ReadProcessMemory 또는 WriteProcessMemory의 일부 작업만을 마쳤습니다. (0x12B)
[0515/183245.444:WARNING:pe_image_reader.cc(340)] could not read dos header from C:\WINDOWS\SYSTEM32\SSPICLI.DLL
[0515/183245.444:ERROR:process_memory_win.cc(73)] ReadMemory at 0x7ffefabf0000 of 64 bytes failed: ReadProcessMemory 또는 WriteProcessMemory의 일부 작업만을 마쳤습니다. (0x12B)
[0515/183245.444:WARNING:pe_image_reader.cc(340)] could not read dos header from C:\WINDOWS\SYSTEM32\CRYPTBASE.DLL
[0515/183245.444:ERROR:process_memory_win.cc(73)] ReadMemory at 0x7ff79c170000 of 64 bytes failed: ReadProcessMemory 또는 WriteProcessMemory의 일부 작업만을 마쳤습니다. (0x12B)
[0515/183245.444:WARNING:pe_image_reader.cc(340)] could not read dos header from C:\Program Files (x86)\Google\Chrome\Application\chrome.exe
[0515/183245.444:ERROR:process_memory_win.cc(73)] ReadMemory at 0x7ffefeef0000 of 64 bytes failed: ReadProcessMemory 또는 WriteProcessMemory의 일부 작업만을 마쳤습니다. (0x12B)
[0515/183245.444:WARNING:pe_image_reader.cc(340)] could not read dos header from C:\WINDOWS\SYSTEM32\ntdll.dll
[0515/183245.444:ERROR:process_memory_win.cc(73)] ReadMemory at 0x7ffefc840000 of 64 bytes failed: ReadProcessMemory 또는 WriteProcessMemory의 일부 작업만을 마쳤습니다. (0x12B)
[0515/183245.444:WARNING:pe_image_reader.cc(340)] could not read dos header from C:\WINDOWS\System32\KERNEL32.DLL
[0515/183245.444:ERROR:process_memory_win.cc(73)] ReadMemory at 0x7ffefbb20000 of 64 bytes failed: ReadProcessMemory 또는 WriteProcessMemory의 일부 작업만을 마쳤습니다. (0x12B)
[0515/183245.444:WARNING:pe_image_reader.cc(340)] could not read dos header from C:\WINDOWS\System32\KERNELBASE.dll
[0515/183245.444:ERROR:process_memory_win.cc(73)] ReadMemory at 0x7ffed5a70000 of 64 bytes failed: ReadProcessMemory 또는 WriteProcessMemory의 일부 작업만을 마쳤습니다. (0x12B)
[0515/183245.444:WARNING:pe_image_reader.cc(340)] could not read dos header from C:\Program Files (x86)\Google\Chrome\Application\81.0.4044.138\chrome_elf.dll
[0515/183245.444:ERROR:process_memory_win.cc(73)] ReadMemory at 0x7ffef60c0000 of 64 bytes failed: ReadProcessMemory 또는 WriteProcessMemory의 일부 작업만을 마쳤습니다. (0x12B)
[0515/183245.444:WARNING:pe_image_reader.cc(340)] could not read dos header from C:\WINDOWS\SYSTEM32\VERSION.dll
[0515/183245.444:ERROR:process_memory_win.cc(73)] ReadMemory at 0x7ffefd110000 of 64 bytes failed: ReadProcessMemory 또는 WriteProcessMemory의 일부 작업만을 마쳤습니다. (0x12B)
[0515/183245.444:WARNING:pe_image_reader.cc(340)] could not read dos header from C:\WINDOWS\System32\msvcrt.dll
[0515/183245.444:ERROR:process_memory_win.cc(73)] ReadMemory at 0x7ffefbda0000 of 64 bytes failed: ReadProcessMemory 또는 WriteProcessMemory의 일부 작업만을 마쳤습니다. (0x12B)
[0515/183245.444:WARNING:pe_image_reader.cc(340)] could not read dos header from C:\WINDOWS\System32\bcryptPrimitives.dll
[0515/183245.444:ERROR:process_memory_win.cc(73)] ReadMemory at 0x7ffefd8d0000 of 64 bytes failed: ReadProcessMemory 또는 WriteProcessMemory의 일부 작업만을 마쳤습니다. (0x12B)
[0515/183245.444:WARNING:pe_image_reader.cc(340)] could not read dos header from C:\WINDOWS\System32\ADVAPI32.dll
[0515/183245.444:ERROR:process_memory_win.cc(73)] ReadMemory at 0x7ffefd1b0000 of 64 bytes failed: ReadProcessMemory 또는 WriteProcessMemory의 일부 작업만을 마쳤습니다. (0x12B)
[0515/183245.444:WARNING:pe_image_reader.cc(340)] could not read dos header from C:\WINDOWS\System32\sechost.dll
[0515/183245.444:ERROR:process_memory_win.cc(73)] ReadMemory at 0x7ffefc380000 of 64 bytes failed: ReadProcessMemory 또는 WriteProcessMemory의 일부 작업만을 마쳤습니다. (0x12B)
[0515/183245.444:WARNING:pe_image_reader.cc(340)] could not read dos header from C:\WINDOWS\System32\RPCRT4.dll
[0515/183245.444:ERROR:process_memory_win.cc(73)] ReadMemory at 0x7ffead770000 of 64 bytes failed: ReadProcessMemory 또는 WriteProcessMemory의 일부 작업만을 마쳤습니다. (0x12B)
[0515/183245.444:WARNING:pe_image_reader.cc(340)] could not read dos header from C:\Program Files (x86)\Google\Chrome\Application\81.0.4044.138\chrome.dll
[0515/183245.444:ERROR:process_memory_win.cc(73)] ReadMemory at 0x7ffefc700000 of 64 bytes failed: ReadProcessMemory 또는 WriteProcessMemory의 일부 작업만을 마쳤습니다. (0x12B)
[0515/183245.444:WARNING:pe_image_reader.cc(340)] could not read dos header from C:\WINDOWS\System32\WS2_32.dll
[0515/183245.444:ERROR:process_memory_win.cc(73)] ReadMemory at 0x7ffefc770000 of 64 bytes failed: ReadProcessMemory 또는 WriteProcessMemory의 일부 작업만을 마쳤습니다. (0x12B)
[0515/183245.444:WARNING:pe_image_reader.cc(340)] could not read dos header from C:\WINDOWS\System32\OLEAUT32.dll
[0515/183245.444:ERROR:process_memory_win.cc(73)] ReadMemory at 0x7ffefc090000 of 64 bytes failed: ReadProcessMemory 또는 WriteProcessMemory의 일부 작업만을 마쳤습니다. (0x12B)
[0515/183245.444:WARNING:pe_image_reader.cc(340)] could not read dos header from C:\WINDOWS\System32\msvcp_win.dll
[0515/183245.444:ERROR:process_memory_win.cc(73)] ReadMemory at 0x7ffefb310000 of 64 bytes failed: ReadProcessMemory 또는 WriteProcessMemory의 일부 작업만을 마쳤습니다. (0x12B)
[0515/183245.444:WARNING:pe_image_reader.cc(340)] could not read dos header from C:\WINDOWS\System32\ucrtbase.dll
[0515/183245.444:ERROR:process_memory_win.cc(73)] ReadMemory at 0x7ffefd390000 of 64 bytes failed: ReadProcessMemory 또는 WriteProcessMemory의 일부 작업만을 마쳤습니다. (0x12B)
[0515/183245.444:WARNING:pe_image_reader.cc(340)] could not read dos header from C:\WINDOWS\System32\combase.dll
[0515/183245.444:ERROR:process_memory_win.cc(73)] ReadMemory at 0x7ffefc320000 of 64 bytes failed: ReadProcessMemory 또는 WriteProcessMemory의 일부 작업만을 마쳤습니다. (0x12B)
[0515/183245.444:WARNING:pe_image_reader.cc(340)] could not read dos header from C:\WINDOWS\System32\WINTRUST.dll
[0515/183245.444:ERROR:process_memory_win.cc(73)] ReadMemory at 0x7ffefb2a0000 of 64 bytes failed: ReadProcessMemory 또는 WriteProcessMemory의 일부 작업만을 마쳤습니다. (0x12B)
[0515/183245.444:WARNING:pe_image_reader.cc(340)] could not read dos header from C:\WINDOWS\System32\MSASN1.dll
[0515/183245.444:ERROR:process_memory_win.cc(73)] ReadMemory at 0x7ffefc130000 of 64 bytes failed: ReadProcessMemory 또는 WriteProcessMemory의 일부 작업만을 마쳤습니다. (0x12B)
[0515/183245.444:WARNING:pe_image_reader.cc(340)] could not read dos header from C:\WINDOWS\System32\CRYPT32.dll
[0515/183245.444:ERROR:process_memory_win.cc(73)] ReadMemory at 0x7ffefa7a0000 of 64 bytes failed: ReadProcessMemory 또는 WriteProcessMemory의 일부 작업만을 마쳤습니다. (0x12B)
[0515/183245.444:WARNING:pe_image_reader.cc(340)] could not read dos header from C:\WINDOWS\SYSTEM32\IPHLPAPI.DLL
[0515/183245.444:ERROR:process_memory_win.cc(73)] ReadMemory at 0x7ffef7a20000 of 64 bytes failed: ReadProcessMemory 또는 WriteProcessMemory의 일부 작업만을 마쳤습니다. (0x12B)
[0515/183245.444:WARNING:pe_image_reader.cc(340)] could not read dos header from C:\WINDOWS\SYSTEM32\WINMM.dll
[0515/183245.444:ERROR:process_memory_win.cc(73)] ReadMemory at 0x7ffefa300000 of 64 bytes failed: ReadProcessMemory 또는 WriteProcessMemory의 일부 작업만을 마쳤습니다. (0x12B)
[0515/183245.444:WARNING:pe_image_reader.cc(340)] could not read dos header from C:\WINDOWS\SYSTEM32\Secur32.dll
[0515/183245.444:ERROR:process_memory_win.cc(73)] ReadMemory at 0x7ffefb100000 of 64 bytes failed: ReadProcessMemory 또는 WriteProcessMemory의 일부 작업만을 마쳤습니다. (0x12B)
[0515/183245.444:WARNING:pe_image_reader.cc(340)] could not read dos header from C:\WINDOWS\SYSTEM32\USERENV.dll
[0515/183245.444:ERROR:process_memory_win.cc(73)] ReadMemory at 0x7ffefb200000 of 64 bytes failed: ReadProcessMemory 또는 WriteProcessMemory의 일부 작업만을 마쳤습니다. (0x12B)
[0515/183245.444:WARNING:pe_image_reader.cc(340)] could not read dos header from C:\WINDOWS\System32\profapi.dll
[0515/183245.444:ERROR:process_memory_win.cc(73)] ReadMemory at 0x7ffee5cc0000 of 64 bytes failed: ReadProcessMemory 또는 WriteProcessMemory의 일부 작업만을 마쳤습니다. (0x12B)
[0515/183245.444:WARNING:pe_image_reader.cc(340)] could not read dos header from C:\WINDOWS\SYSTEM32\UIAutomationCore.DLL
[0515/183245.460:ERROR:process_memory_win.cc(73)] ReadMemory at 0x7ffeedbb0000 of 64 bytes failed: ReadProcessMemory 또는 WriteProcessMemory의 일부 작업만을 마쳤습니다. (0x12B)
[0515/183245.460:WARNING:pe_image_reader.cc(340)] could not read dos header from C:\WINDOWS\SYSTEM32\DWrite.dll
[0515/183245.460:ERROR:process_memory_win.cc(73)] ReadMemory at 0x7ffefa0b0000 of 64 bytes failed: ReadProcessMemory 또는 WriteProcessMemory의 일부 작업만을 마쳤습니다. (0x12B)
[0515/183245.460:WARNING:pe_image_reader.cc(340)] could not read dos header from C:\WINDOWS\SYSTEM32\WINSPOOL.DRV
[0515/183245.460:ERROR:process_memory_win.cc(73)] ReadMemory at 0x7ffefb230000 of 64 bytes failed: ReadProcessMemory 또는 WriteProcessMemory의 일부 작업만을 마쳤습니다. (0x12B)
[0515/183245.460:WARNING:pe_image_reader.cc(340)] could not read dos header from C:\WINDOWS\System32\kernel.appcore.dll
[0515/183245.460:ERROR:process_memory_win.cc(73)] ReadMemory at 0x7ffeebb00000 of 64 bytes failed: ReadProcessMemory 또는 WriteProcessMemory의 일부 작업만을 마쳤습니다. (0x12B)
[0515/183245.460:WARNING:pe_image_reader.cc(340)] could not read dos header from C:\WINDOWS\SYSTEM32\dbghelp.dll
[0515/183245.460:ERROR:process_memory_win.cc(73)] ReadMemory at 0x7ffef7160000 of 64 bytes failed: ReadProcessMemory 또는 WriteProcessMemory의 일부 작업만을 마쳤습니다. (0x12B)
[0515/183245.460:WARNING:pe_image_reader.cc(340)] could not read dos header from C:\WINDOWS\SYSTEM32\WINHTTP.dll
[0515/183245.460:ERROR:process_memory_win.cc(73)] ReadMemory at 0x7ffeed2c0000 of 64 bytes failed: ReadProcessMemory 또는 WriteProcessMemory의 일부 작업만을 마쳤습니다. (0x12B)
[0515/183245.460:WARNING:pe_image_reader.cc(340)] could not read dos header from C:\WINDOWS\SYSTEM32\dhcpcsvc.DLL
[0515/183245.460:ERROR:process_memory_win.cc(73)] ReadMemory at 0x1db0d630000 of 64 bytes failed: ReadProcessMemory 또는 WriteProcessMemory의 일부 작업만을 마쳤습니다. (0x12B)
[0515/183245.460:WARNING:pe_image_reader.cc(340)] could not read dos header from C:\WINDOWS\System32\NSI.dll
[0515/183245.460:ERROR:process_memory_win.cc(73)] ReadMemory at 0x7ffef79f0000 of 64 bytes failed: ReadProcessMemory 또는 WriteProcessMemory의 일부 작업만을 마쳤습니다. (0x12B)
[0515/183245.460:WARNING:pe_image_reader.cc(340)] could not read dos header from C:\WINDOWS\SYSTEM32\WINMMBASE.dll
[0515/183245.460:ERROR:process_memory_win.cc(73)] ReadMemory at 0x7ffefb2c0000 of 64 bytes failed: ReadProcessMemory 또는 WriteProcessMemory의 일부 작업만을 마쳤습니다. (0x12B)
[0515/183245.460:WARNING:pe_image_reader.cc(340)] could not read dos header from C:\WINDOWS\System32\cfgmgr32.dll
[0515/183245.460:ERROR:process_memory_win.cc(73)] ReadMemory at 0x7ffef9ef0000 of 64 bytes failed: ReadProcessMemory 또는 WriteProcessMemory의 일부 작업만을 마쳤습니다. (0x12B)
[0515/183245.460:WARNING:pe_image_reader.cc(340)] could not read dos header from C:\WINDOWS\SYSTEM32\PROPSYS.dll
[0515/183245.460:ERROR:process_memory_win.cc(73)] ReadMemory at 0x7ffefc4b0000 of 64 bytes failed: ReadProcessMemory 또는 WriteProcessMemory의 일부 작업만을 마쳤습니다. (0x12B)
[0515/183245.460:WARNING:pe_image_reader.cc(340)] could not read dos header from C:\WINDOWS\System32\shcore.dll
[0515/183245.460:ERROR:process_memory_win.cc(73)] ReadMemory at 0x7ffefad00000 of 64 bytes failed: ReadProcessMemory 또는 WriteProcessMemory의 일부 작업만을 마쳤습니다. (0x12B)
[0515/183245.460:WARNING:pe_image_reader.cc(340)] could not read dos header from C:\WINDOWS\SYSTEM32\bcrypt.dll
[0515/183245.460:ERROR:process_memory_win.cc(73)] ReadMemory at 0x7ffefb130000 of 64 bytes failed: ReadProcessMemory 또는 WriteProcessMemory의 일부 작업만을 마쳤습니다. (0x12B)
[0515/183245.460:WARNING:pe_image_reader.cc(340)] could not read dos header from C:\WINDOWS\SYSTEM32\SSPICLI.DLL
[0515/183245.460:ERROR:process_memory_win.cc(73)] ReadMemory at 0x7ffefabf0000 of 64 bytes failed: ReadProcessMemory 또는 WriteProcessMemory의 일부 작업만을 마쳤습니다. (0x12B)
[0515/183245.460:WARNING:pe_image_reader.cc(340)] could not read dos header from C:\WINDOWS\SYSTEM32\CRYPTBASE.DLL
[0515/183245.483:ERROR:process_memory_win.cc(73)] ReadMemory at 0x6f6cfe7000 of 102400 bytes failed: ReadProcessMemory 또는 WriteProcessMemory의 일부 작업만을 마쳤습니다. (0x12B)
[0515/183245.484:ERROR:process_memory_win.cc(73)] ReadMemory at 0x6f6d7fd000 of 12288 bytes failed: ReadProcessMemory 또는 WriteProcessMemory의 일부 작업만을 마쳤습니다. (0x12B)
[0515/183245.484:ERROR:process_memory_win.cc(73)] ReadMemory at 0x6f6e7fd000 of 12288 bytes failed: ReadProcessMemory 또는 WriteProcessMemory의 일부 작업만을 마쳤습니다. (0x12B)
[0515/183245.484:ERROR:process_memory_win.cc(73)] ReadMemory at 0x6f6effc000 of 16384 bytes failed: ReadProcessMemory 또는 WriteProcessMemory의 일부 작업만을 마쳤습니다. (0x12B)
[0515/183245.484:ERROR:process_memory_win.cc(73)] ReadMemory at 0x6f6f7fe000 of 8192 bytes failed: ReadProcessMemory 또는 WriteProcessMemory의 일부 작업만을 마쳤습니다. (0x12B)
[0515/183245.484:ERROR:process_memory_win.cc(73)] ReadMemory at 0x6f6fffd000 of 12288 bytes failed: ReadProcessMemory 또는 WriteProcessMemory의 일부 작업만을 마쳤습니다. (0x12B)
[0515/183245.484:ERROR:process_memory_win.cc(73)] ReadMemory at 0x6f707fb000 of 20480 bytes failed: ReadProcessMemory 또는 WriteProcessMemory의 일부 작업만을 마쳤습니다. (0x12B)
[0515/183245.484:ERROR:process_memory_win.cc(73)] ReadMemory at 0x6f717fb000 of 20480 bytes failed: ReadProcessMemory 또는 WriteProcessMemory의 일부 작업만을 마쳤습니다. (0x12B)
[0515/183245.484:ERROR:process_memory_win.cc(73)] ReadMemory at 0x6f71ff6000 of 40960 bytes failed: ReadProcessMemory 또는 WriteProcessMemory의 일부 작업만을 마쳤습니다. (0x12B)
[0515/183245.484:ERROR:process_memory_win.cc(73)] ReadMemory at 0x6f727f5000 of 45056 bytes failed: ReadProcessMemory 또는 WriteProcessMemory의 일부 작업만을 마쳤습니다. (0x12B)
[0515/183245.484:ERROR:process_memory_win.cc(73)] ReadMemory at 0x6f72ffd000 of 12288 bytes failed: ReadProcessMemory 또는 WriteProcessMemory의 일부 작업만을 마쳤습니다. (0x12B)
[0515/183245.485:ERROR:process_memory_win.cc(73)] ReadMemory at 0x6f70ffd000 of 12288 bytes failed: ReadProcessMemory 또는 WriteProcessMemory의 일부 작업만을 마쳤습니다. (0x12B)
[0515/183245.485:ERROR:process_memory_win.cc(73)] ReadMemory at 0x6f747ee000 of 73728 bytes failed: ReadProcessMemory 또는 WriteProcessMemory의 일부 작업만을 마쳤습니다. (0x12B)
[0515/183245.485:ERROR:process_memory_win.cc(73)] ReadMemory at 0x6f73ffd000 of 12288 bytes failed: ReadProcessMemory 또는 WriteProcessMemory의 일부 작업만을 마쳤습니다. (0x12B)
[0515/183245.485:ERROR:process_memory_win.cc(73)] ReadMemory at 0x6f6dffd000 of 12288 bytes failed: ReadProcessMemory 또는 WriteProcessMemory의 일부 작업만을 마쳤습니다. (0x12B)
[0515/183245.485:ERROR:process_memory_win.cc(73)] ReadMemory at 0x6f737fd000 of 12288 bytes failed: ReadProcessMemory 또는 WriteProcessMemory의 일부 작업만을 마쳤습니다. (0x12B)
[0515/183245.485:ERROR:process_memory_win.cc(73)] ReadMemory at 0x6f6c666000 of 6024 bytes failed: ReadProcessMemory 또는 WriteProcessMemory의 일부 작업만을 마쳤습니다. (0x12B)
[0515/183245.485:ERROR:process_memory_win.cc(73)] ReadMemory at 0x6f6c668000 of 6024 bytes failed: ReadProcessMemory 또는 WriteProcessMemory의 일부 작업만을 마쳤습니다. (0x12B)
[0515/183245.485:ERROR:process_memory_win.cc(73)] ReadMemory at 0x6f6c66a000 of 6024 bytes failed: ReadProcessMemory 또는 WriteProcessMemory의 일부 작업만을 마쳤습니다. (0x12B)
[0515/183245.485:ERROR:process_memory_win.cc(73)] ReadMemory at 0x6f6c6c9000 of 852 bytes failed: ReadProcessMemory 또는 WriteProcessMemory의 일부 작업만을 마쳤습니다. (0x12B)
[0515/183245.485:ERROR:process_memory_win.cc(73)] ReadMemory at 0x6f6c6ca000 of 6024 bytes failed: ReadProcessMemory 또는 WriteProcessMemory의 일부 작업만을 마쳤습니다. (0x12B)
[0515/183245.485:ERROR:process_memory_win.cc(73)] ReadMemory at 0x6f6c6cc000 of 6024 bytes failed: ReadProcessMemory 또는 WriteProcessMemory의 일부 작업만을 마쳤습니다. (0x12B)
[0515/183245.486:ERROR:process_memory_win.cc(73)] ReadMemory at 0x6f6c6d0000 of 6024 bytes failed: ReadProcessMemory 또는 WriteProcessMemory의 일부 작업만을 마쳤습니다. (0x12B)
[0515/183245.486:ERROR:process_memory_win.cc(73)] ReadMemory at 0x6f6c6d2000 of 6024 bytes failed: ReadProcessMemory 또는 WriteProcessMemory의 일부 작업만을 마쳤습니다. (0x12B)
[0515/183245.487:ERROR:process_memory_win.cc(73)] ReadMemory at 0x6f6c6d4000 of 6024 bytes failed: ReadProcessMemory 또는 WriteProcessMemory의 일부 작업만을 마쳤습니다. (0x12B)
[0515/183245.487:ERROR:process_memory_win.cc(73)] ReadMemory at 0x6f6c6d6000 of 6024 bytes failed: ReadProcessMemory 또는 WriteProcessMemory의 일부 작업만을 마쳤습니다. (0x12B)
[0515/183245.487:ERROR:process_memory_win.cc(73)] ReadMemory at 0x6f6c6d8000 of 6024 bytes failed: ReadProcessMemory 또는 WriteProcessMemory의 일부 작업만을 마쳤습니다. (0x12B)
[0515/183245.487:ERROR:process_memory_win.cc(73)] ReadMemory at 0x6f6c6dc000 of 6024 bytes failed: ReadProcessMemory 또는 WriteProcessMemory의 일부 작업만을 마쳤습니다. (0x12B)
[0515/183245.487:ERROR:process_memory_win.cc(73)] ReadMemory at 0x6f6c6de000 of 6024 bytes failed: ReadProcessMemory 또는 WriteProcessMemory의 일부 작업만을 마쳤습니다. (0x12B)
[0515/183245.487:ERROR:process_memory_win.cc(73)] ReadMemory at 0x6f6c6e0000 of 6024 bytes failed: ReadProcessMemory 또는 WriteProcessMemory의 일부 작업만을 마쳤습니다. (0x12B)
[0515/183245.487:ERROR:process_memory_win.cc(73)] ReadMemory at 0x6f6c6e2000 of 6024 bytes failed: ReadProcessMemory 또는 WriteProcessMemory의 일부 작업만을 마쳤습니다. (0x12B)
[0515/183245.487:ERROR:process_memory_win.cc(73)] ReadMemory at 0x6f6c6e8000 of 6024 bytes failed: ReadProcessMemory 또는 WriteProcessMemory의 일부 작업만을 마쳤습니다. (0x12B)
[0515/183245.487:ERROR:process_memory_win.cc(73)] ReadMemory at 0x6f6c6ee000 of 6024 bytes failed: ReadProcessMemory 또는 WriteProcessMemory의 일부 작업만을 마쳤습니다. (0x12B)
[0515/183245.487:ERROR:process_memory_win.cc(73)] ReadMemory at 0x1db0d670290 of 512 bytes failed: ReadProcessMemory 또는 WriteProcessMemory의 일부 작업만을 마쳤습니다. (0x12B)
[0515/183245.487:ERROR:process_memory_win.cc(73)] ReadMemory at 0x1db0d680fc0 of 11956 bytes failed: ReadProcessMemory 또는 WriteProcessMemory의 일부 작업만을 마쳤습니다. (0x12B)
[0515/183245.487:ERROR:process_memory_win.cc(73)] ReadMemory at 0x1db0d683e80 of 1012 bytes failed: ReadProcessMemory 또는 WriteProcessMemory의 일부 작업만을 마쳤습니다. (0x12B)
[0515/183245.487:ERROR:process_memory_win.cc(73)] ReadMemory at 0x1db0d684498 of 118 bytes failed: ReadProcessMemory 또는 WriteProcessMemory의 일부 작업만을 마쳤습니다. (0x12B)
[0515/183245.487:ERROR:process_memory_win.cc(73)] ReadMemory at 0x1db0d684510 of 832 bytes failed: ReadProcessMemory 또는 WriteProcessMemory의 일부 작업만을 마쳤습니다. (0x12B)
[0515/183245.487:ERROR:process_memory_win.cc(73)] ReadMemory at 0x1db0d684852 of 118 bytes failed: ReadProcessMemory 또는 WriteProcessMemory의 일부 작업만을 마쳤습니다. (0x12B)
[0515/183245.487:ERROR:process_memory_win.cc(73)] ReadMemory at 0x1db0d6848ca of 100 bytes failed: ReadProcessMemory 또는 WriteProcessMemory의 일부 작업만을 마쳤습니다. (0x12B)
[0515/183245.487:ERROR:process_memory_win.cc(73)] ReadMemory at 0x1db0d684940 of 58 bytes failed: ReadProcessMemory 또는 WriteProcessMemory의 일부 작업만을 마쳤습니다. (0x12B)
[0515/183245.487:ERROR:process_memory_win.cc(73)] ReadMemory at 0x1db0d684a40 of 132 bytes failed: ReadProcessMemory 또는 WriteProcessMemory의 일부 작업만을 마쳤습니다. (0x12B)
[0515/183245.487:ERROR:process_memory_win.cc(73)] ReadMemory at 0x1db0d684bd0 of 132 bytes failed: ReadProcessMemory 또는 WriteProcessMemory의 일부 작업만을 마쳤습니다. (0x12B)
[0515/183245.488:ERROR:process_memory_win.cc(73)] ReadMemory at 0x1db0d684d90 of 126 bytes failed: ReadProcessMemory 또는 WriteProcessMemory의 일부 작업만을 마쳤습니다. (0x12B)
[0515/183245.488:ERROR:process_memory_win.cc(73)] ReadMemory at 0x1db0d685170 of 132 bytes failed: ReadProcessMemory 또는 WriteProcessMemory의 일부 작업만을 마쳤습니다. (0x12B)
[0515/183245.488:ERROR:process_memory_win.cc(73)] ReadMemory at 0x1db0d685300 of 64 bytes failed: ReadProcessMemory 또는 WriteProcessMemory의 일부 작업만을 마쳤습니다. (0x12B)
[0515/183245.488:ERROR:process_memory_win.cc(73)] ReadMemory at 0x1db0d685350 of 132 bytes failed: ReadProcessMemory 또는 WriteProcessMemory의 일부 작업만을 마쳤습니다. (0x12B)
[0515/183245.488:ERROR:process_memory_win.cc(73)] ReadMemory at 0x1db0d6854c0 of 132 bytes failed: ReadProcessMemory 또는 WriteProcessMemory의 일부 작업만을 마쳤습니다. (0x12B)
[0515/183245.488:ERROR:process_memory_win.cc(73)] ReadMemory at 0x1db0d685750 of 132 bytes failed: ReadProcessMemory 또는 WriteProcessMemory의 일부 작업만을 마쳤습니다. (0x12B)
[0515/183245.488:ERROR:process_memory_win.cc(73)] ReadMemory at 0x1db0d6858e0 of 68 bytes failed: ReadProcessMemory 또는 WriteProcessMemory의 일부 작업만을 마쳤습니다. (0x12B)
[0515/183245.488:ERROR:process_memory_win.cc(73)] ReadMemory at 0x1db0d686660 of 146 bytes failed: ReadProcessMemory 또는 WriteProcessMemory의 일부 작업만을 마쳤습니다. (0x12B)
[0515/183245.488:ERROR:process_memory_win.cc(73)] ReadMemory at 0x1db0d686740 of 132 bytes failed: ReadProcessMemory 또는 WriteProcessMemory의 일부 작업만을 마쳤습니다. (0x12B)
[0515/183245.488:ERROR:process_memory_win.cc(73)] ReadMemory at 0x1db0d6868d0 of 154 bytes failed: ReadProcessMemory 또는 WriteProcessMemory의 일부 작업만을 마쳤습니다. (0x12B)
[0515/183245.488:ERROR:process_memory_win.cc(73)] ReadMemory at 0x1db0d6874e0 of 132 bytes failed: ReadProcessMemory 또는 WriteProcessMemory의 일부 작업만을 마쳤습니다. (0x12B)
[0515/183245.488:ERROR:process_memory_win.cc(73)] ReadMemory at 0x1db0d687700 of 62 bytes failed: ReadProcessMemory 또는 WriteProcessMemory의 일부 작업만을 마쳤습니다. (0x12B)
[0515/183245.488:ERROR:process_memory_win.cc(73)] ReadMemory at 0x1db0d687750 of 132 bytes failed: ReadProcessMemory 또는 WriteProcessMemory의 일부 작업만을 마쳤습니다. (0x12B)
[0515/183245.488:ERROR:process_memory_win.cc(73)] ReadMemory at 0x1db0d6878f0 of 132 bytes failed: ReadProcessMemory 또는 WriteProcessMemory의 일부 작업만을 마쳤습니다. (0x12B)
[0515/183245.488:ERROR:process_memory_win.cc(73)] ReadMemory at 0x1db0d687a20 of 60 bytes failed: ReadProcessMemory 또는 WriteProcessMemory의 일부 작업만을 마쳤습니다. (0x12B)
[0515/183245.488:ERROR:process_memory_win.cc(73)] ReadMemory at 0x1db0d688140 of 132 bytes failed: ReadProcessMemory 또는 WriteProcessMemory의 일부 작업만을 마쳤습니다. (0x12B)
[0515/183245.488:ERROR:process_memory_win.cc(73)] ReadMemory at 0x1db0d68a5a0 of 512 bytes failed: ReadProcessMemory 또는 WriteProcessMemory의 일부 작업만을 마쳤습니다. (0x12B)
[0515/183245.488:ERROR:process_memory_win.cc(73)] ReadMemory at 0x1db0d68a810 of 132 bytes failed: ReadProcessMemory 또는 WriteProcessMemory의 일부 작업만을 마쳤습니다. (0x12B)
[0515/183245.488:ERROR:process_memory_win.cc(73)] ReadMemory at 0x1db0d68d420 of 132 bytes failed: ReadProcessMemory 또는 WriteProcessMemory의 일부 작업만을 마쳤습니다. (0x12B)
[0515/183245.488:ERROR:process_memory_win.cc(73)] ReadMemory at 0x1db0d68d5b0 of 80 bytes failed: ReadProcessMemory 또는 WriteProcessMemory의 일부 작업만을 마쳤습니다. (0x12B)
[0515/183245.488:ERROR:process_memory_win.cc(73)] ReadMemory at 0x1db0d68d720 of 62 bytes failed: ReadProcessMemory 또는 WriteProcessMemory의 일부 작업만을 마쳤습니다. (0x12B)
[0515/183245.488:ERROR:process_memory_win.cc(73)] ReadMemory at 0x1db0d68d770 of 62 bytes failed: ReadProcessMemory 또는 WriteProcessMemory의 일부 작업만을 마쳤습니다. (0x12B)
[0515/183245.488:ERROR:process_memory_win.cc(73)] ReadMemory at 0x1db0d68d7c0 of 58 bytes failed: ReadProcessMemory 또는 WriteProcessMemory의 일부 작업만을 마쳤습니다. (0x12B)
[0515/183245.488:ERROR:process_memory_win.cc(73)] ReadMemory at 0x1db0d68d810 of 60 bytes failed: ReadProcessMemory 또는 WriteProcessMemory의 일부 작업만을 마쳤습니다. (0x12B)
[0515/183245.488:ERROR:process_memory_win.cc(73)] ReadMemory at 0x1db0d68d860 of 62 bytes failed: ReadProcessMemory 또는 WriteProcessMemory의 일부 작업만을 마쳤습니다. (0x12B)
[0515/183245.488:ERROR:process_memory_win.cc(73)] ReadMemory at 0x1db0d68d8b0 of 62 bytes failed: ReadProcessMemory 또는 WriteProcessMemory의 일부 작업만을 마쳤습니다. (0x12B)
[0515/183245.489:ERROR:process_memory_win.cc(73)] ReadMemory at 0x1db0d68d900 of 62 bytes failed: ReadProcessMemory 또는 WriteProcessMemory의 일부 작업만을 마쳤습니다. (0x12B)
[0515/183245.489:ERROR:process_memory_win.cc(73)] ReadMemory at 0x1db0d68d9f0 of 60 bytes failed: ReadProcessMemory 또는 WriteProcessMemory의 일부 작업만을 마쳤습니다. (0x12B)
[0515/183245.489:ERROR:process_memory_win.cc(73)] ReadMemory at 0x1db0d68da40 of 64 bytes failed: ReadProcessMemory 또는 WriteProcessMemory의 일부 작업만을 마쳤습니다. (0x12B)
[0515/183245.489:ERROR:process_memory_win.cc(73)] ReadMemory at 0x1db0d68da90 of 64 bytes failed: ReadProcessMemory 또는 WriteProcessMemory의 일부 작업만을 마쳤습니다. (0x12B)
[0515/183245.492:ERROR:process_memory_win.cc(73)] ReadMemory at 0x1db0d68dae0 of 62 bytes failed: ReadProcessMemory 또는 WriteProcessMemory의 일부 작업만을 마쳤습니다. (0x12B)
[0515/183245.492:ERROR:process_memory_win.cc(73)] ReadMemory at 0x1db0d68db30 of 64 bytes failed: ReadProcessMemory 또는 WriteProcessMemory의 일부 작업만을 마쳤습니다. (0x12B)
[0515/183245.492:ERROR:process_memory_win.cc(73)] ReadMemory at 0x1db0d68db80 of 62 bytes failed: ReadProcessMemory 또는 WriteProcessMemory의 일부 작업만을 마쳤습니다. (0x12B)
[0515/183245.492:ERROR:process_memory_win.cc(73)] ReadMemory at 0x1db0d68dbd0 of 64 bytes failed: ReadProcessMemory 또는 WriteProcessMemory의 일부 작업만을 마쳤습니다. (0x12B)
[0515/183245.492:ERROR:process_memory_win.cc(73)] ReadMemory at 0x1db0d68dc20 of 60 bytes failed: ReadProcessMemory 또는 WriteProcessMemory의 일부 작업만을 마쳤습니다. (0x12B)
[0515/183245.492:ERROR:process_memory_win.cc(73)] ReadMemory at 0x1db0d68dc70 of 64 bytes failed: ReadProcessMemory 또는 WriteProcessMemory의 일부 작업만을 마쳤습니다. (0x12B)
[0515/183245.492:ERROR:process_memory_win.cc(73)] ReadMemory at 0x1db0d68dcc0 of 62 bytes failed: ReadProcessMemory 또는 WriteProcessMemory의 일부 작업만을 마쳤습니다. (0x12B)
[0515/183245.492:ERROR:process_memory_win.cc(73)] ReadMemory at 0x1db0d68dd10 of 60 bytes failed: ReadProcessMemory 또는 WriteProcessMemory의 일부 작업만을 마쳤습니다. (0x12B)
[0515/183245.492:ERROR:process_memory_win.cc(73)] ReadMemory at 0x1db0d68dd60 of 64 bytes failed: ReadProcessMemory 또는 WriteProcessMemory의 일부 작업만을 마쳤습니다. (0x12B)
[0515/183245.492:ERROR:process_memory_win.cc(73)] ReadMemory at 0x1db0d68ddb0 of 66 bytes failed: ReadProcessMemory 또는 WriteProcessMemory의 일부 작업만을 마쳤습니다. (0x12B)
[0515/183245.492:ERROR:process_memory_win.cc(73)] ReadMemory at 0x1db0d690f40 of 54 bytes failed: ReadProcessMemory 또는 WriteProcessMemory의 일부 작업만을 마쳤습니다. (0x12B)
[0515/183245.492:ERROR:process_memory_win.cc(73)] ReadMemory at 0x1db0d6925a0 of 132 bytes failed: ReadProcessMemory 또는 WriteProcessMemory의 일부 작업만을 마쳤습니다. (0x12B)
[0515/183245.492:ERROR:process_memory_win.cc(73)] ReadMemory at 0x1db0d6926d0 of 132 bytes failed: ReadProcessMemory 또는 WriteProcessMemory의 일부 작업만을 마쳤습니다. (0x12B)
[0515/183245.492:ERROR:process_memory_win.cc(73)] ReadMemory at 0x1db0d692800 of 132 bytes failed: ReadProcessMemory 또는 WriteProcessMemory의 일부 작업만을 마쳤습니다. (0x12B)
[0515/183245.492:ERROR:process_memory_win.cc(73)] ReadMemory at 0x1db0d692930 of 132 bytes failed: ReadProcessMemory 또는 WriteProcessMemory의 일부 작업만을 마쳤습니다. (0x12B)
[0515/183245.492:ERROR:process_memory_win.cc(73)] ReadMemory at 0x1db0d692a60 of 132 bytes failed: ReadProcessMemory 또는 WriteProcessMemory의 일부 작업만을 마쳤습니다. (0x12B)
[0515/183245.492:ERROR:process_memory_win.cc(73)] ReadMemory at 0x1db0d692cc0 of 132 bytes failed: ReadProcessMemory 또는 WriteProcessMemory의 일부 작업만을 마쳤습니다. (0x12B)
[0515/183245.492:ERROR:process_memory_win.cc(73)] ReadMemory at 0x1db0d692df0 of 132 bytes failed: ReadProcessMemory 또는 WriteProcessMemory의 일부 작업만을 마쳤습니다. (0x12B)
[0515/183245.492:ERROR:process_memory_win.cc(73)] ReadMemory at 0x1db0d692f20 of 132 bytes failed: ReadProcessMemory 또는 WriteProcessMemory의 일부 작업만을 마쳤습니다. (0x12B)
[0515/183245.492:ERROR:process_memory_win.cc(73)] ReadMemory at 0x1db0d693050 of 132 bytes failed: ReadProcessMemory 또는 WriteProcessMemory의 일부 작업만을 마쳤습니다. (0x12B)
[0515/183245.492:ERROR:process_memory_win.cc(73)] ReadMemory at 0x1db0d693180 of 132 bytes failed: ReadProcessMemory 또는 WriteProcessMemory의 일부 작업만을 마쳤습니다. (0x12B)
[0515/183245.492:ERROR:process_memory_win.cc(73)] ReadMemory at 0x1db0d6932b0 of 132 bytes failed: ReadProcessMemory 또는 WriteProcessMemory의 일부 작업만을 마쳤습니다. (0x12B)
[0515/183245.492:ERROR:process_memory_win.cc(73)] ReadMemory at 0x1db0d6933e0 of 132 bytes failed: ReadProcessMemory 또는 WriteProcessMemory의 일부 작업만을 마쳤습니다. (0x12B)
[0515/183245.492:ERROR:process_memory_win.cc(73)] ReadMemory at 0x1db0d6937d0 of 132 bytes failed: ReadProcessMemory 또는 WriteProcessMemory의 일부 작업만을 마쳤습니다. (0x12B)
[0515/183245.492:ERROR:process_memory_win.cc(73)] ReadMemory at 0x1db0d694600 of 132 bytes failed: ReadProcessMemory 또는 WriteProcessMemory의 일부 작업만을 마쳤습니다. (0x12B)
[0515/183245.492:ERROR:process_memory_win.cc(73)] ReadMemory at 0x1db0d694730 of 132 bytes failed: ReadProcessMemory 또는 WriteProcessMemory의 일부 작업만을 마쳤습니다. (0x12B)
[0515/183245.492:ERROR:process_memory_win.cc(73)] ReadMemory at 0x1db0d694e20 of 132 bytes failed: ReadProcessMemory 또는 WriteProcessMemory의 일부 작업만을 마쳤습니다. (0x12B)
[0515/183245.492:ERROR:process_memory_win.cc(73)] ReadMemory at 0x1db0d698c90 of 80 bytes failed: ReadProcessMemory 또는 WriteProcessMemory의 일부 작업만을 마쳤습니다. (0x12B)
[0515/183245.492:ERROR:process_memory_win.cc(73)] ReadMemory at 0x1db0d698e10 of 76 bytes failed: ReadProcessMemory 또는 WriteProcessMemory의 일부 작업만을 마쳤습니다. (0x12B)
[0515/183245.493:ERROR:process_memory_win.cc(73)] ReadMemory at 0x1db0d699b10 of 132 bytes failed: ReadProcessMemory 또는 WriteProcessMemory의 일부 작업만을 마쳤습니다. (0x12B)
[0515/183245.493:ERROR:process_memory_win.cc(73)] ReadMemory at 0x1db0d699c40 of 132 bytes failed: ReadProcessMemory 또는 WriteProcessMemory의 일부 작업만을 마쳤습니다. (0x12B)
[0515/183245.493:ERROR:process_memory_win.cc(73)] ReadMemory at 0x1db0d699d70 of 132 bytes failed: ReadProcessMemory 또는 WriteProcessMemory의 일부 작업만을 마쳤습니다. (0x12B)
[0515/183245.493:ERROR:process_memory_win.cc(73)] ReadMemory at 0x1db0d69a100 of 132 bytes failed: ReadProcessMemory 또는 WriteProcessMemory의 일부 작업만을 마쳤습니다. (0x12B)
[0515/183245.493:ERROR:process_memory_win.cc(73)] ReadMemory at 0x1db0d69a6f0 of 132 bytes failed: ReadProcessMemory 또는 WriteProcessMemory의 일부 작업만을 마쳤습니다. (0x12B)
[0515/183245.493:ERROR:process_memory_win.cc(73)] ReadMemory at 0x1db0d69a820 of 132 bytes failed: ReadProcessMemory 또는 WriteProcessMemory의 일부 작업만을 마쳤습니다. (0x12B)
[0515/183245.493:ERROR:process_memory_win.cc(73)] ReadMemory at 0x1db0d69abb0 of 132 bytes failed: ReadProcessMemory 또는 WriteProcessMemory의 일부 작업만을 마쳤습니다. (0x12B)
[0515/183245.493:ERROR:process_memory_win.cc(73)] ReadMemory at 0x1db0d69ae10 of 132 bytes failed: ReadProcessMemory 또는 WriteProcessMemory의 일부 작업만을 마쳤습니다. (0x12B)
[0515/183245.493:ERROR:process_memory_win.cc(73)] ReadMemory at 0x1db0d69af40 of 132 bytes failed: ReadProcessMemory 또는 WriteProcessMemory의 일부 작업만을 마쳤습니다. (0x12B)
[0515/183245.493:ERROR:process_memory_win.cc(73)] ReadMemory at 0x1db0d69b070 of 132 bytes failed: ReadProcessMemory 또는 WriteProcessMemory의 일부 작업만을 마쳤습니다. (0x12B)
[0515/183245.493:ERROR:process_memory_win.cc(73)] ReadMemory at 0x1db0d69b6c0 of 60 bytes failed: ReadProcessMemory 또는 WriteProcessMemory의 일부 작업만을 마쳤습니다. (0x12B)
[0515/183245.493:ERROR:process_memory_win.cc(73)] ReadMemory at 0x1db0d69bcb0 of 64 bytes failed: ReadProcessMemory 또는 WriteProcessMemory의 일부 작업만을 마쳤습니다. (0x12B)
[0515/183245.493:ERROR:process_memory_win.cc(73)] ReadMemory at 0x1db0d69bd50 of 60 bytes failed: ReadProcessMemory 또는 WriteProcessMemory의 일부 작업만을 마쳤습니다. (0x12B)
[0515/183245.493:ERROR:process_memory_win.cc(73)] ReadMemory at 0x1db0d69c110 of 62 bytes failed: ReadProcessMemory 또는 WriteProcessMemory의 일부 작업만을 마쳤습니다. (0x12B)
[0515/183245.493:ERROR:process_memory_win.cc(73)] ReadMemory at 0x1db0d69c250 of 64 bytes failed: ReadProcessMemory 또는 WriteProcessMemory의 일부 작업만을 마쳤습니다. (0x12B)
[0515/183245.493:ERROR:process_memory_win.cc(73)] ReadMemory at 0x1db0d69c2f0 of 66 bytes failed: ReadProcessMemory 또는 WriteProcessMemory의 일부 작업만을 마쳤습니다. (0x12B)
[0515/183245.493:ERROR:process_memory_win.cc(73)] ReadMemory at 0x1db0d69c430 of 62 bytes failed: ReadProcessMemory 또는 WriteProcessMemory의 일부 작업만을 마쳤습니다. (0x12B)
[0515/183245.493:ERROR:process_memory_win.cc(73)] ReadMemory at 0x1db0d6b1a40 of 512 bytes failed: ReadProcessMemory 또는 WriteProcessMemory의 일부 작업만을 마쳤습니다. (0x12B)
[0515/183245.493:ERROR:process_memory_win.cc(73)] ReadMemory at 0x1db0d904b10 of 512 bytes failed: ReadProcessMemory 또는 WriteProcessMemory의 일부 작업만을 마쳤습니다. (0x12B)
[0515/183245.493:ERROR:process_memory_win.cc(73)] ReadMemory at 0x1db0d9063b8 of 512 bytes failed: ReadProcessMemory 또는 WriteProcessMemory의 일부 작업만을 마쳤습니다. (0x12B)
[0515/183245.493:ERROR:process_memory_win.cc(73)] ReadMemory at 0x1db0d90d8b0 of 712 bytes failed: ReadProcessMemory 또는 WriteProcessMemory의 일부 작업만을 마쳤습니다. (0x12B)
[0515/183245.493:ERROR:process_memory_win.cc(73)] ReadMemory at 0x1db0d9212f0 of 512 bytes failed: ReadProcessMemory 또는 WriteProcessMemory의 일부 작업만을 마쳤습니다. (0x12B)
[0515/183245.494:ERROR:process_memory_win.cc(73)] ReadMemory at 0x1db0d921920 of 512 bytes failed: ReadProcessMemory 또는 WriteProcessMemory의 일부 작업만을 마쳤습니다. (0x12B)
[0515/183245.494:ERROR:process_memory_win.cc(73)] ReadMemory at 0x1db0d97c220 of 512 bytes failed: ReadProcessMemory 또는 WriteProcessMemory의 일부 작업만을 마쳤습니다. (0x12B)
[0515/183245.494:ERROR:process_memory_win.cc(73)] ReadMemory at 0x1db0f30e050 of 608 bytes failed: ReadProcessMemory 또는 WriteProcessMemory의 일부 작업만을 마쳤습니다. (0x12B)
[0515/183245.494:ERROR:process_memory_win.cc(73)] ReadMemory at 0x1db0f8c4c50 of 512 bytes failed: ReadProcessMemory 또는 WriteProcessMemory의 일부 작업만을 마쳤습니다. (0x12B)
[0515/183245.494:ERROR:process_memory_win.cc(73)] ReadMemory at 0x1db0ff16a80 of 512 bytes failed: ReadProcessMemory 또는 WriteProcessMemory의 일부 작업만을 마쳤습니다. (0x12B)
[0515/183245.494:ERROR:process_memory_win.cc(73)] ReadMemory at 0x1db13227660 of 512 bytes failed: ReadProcessMemory 또는 WriteProcessMemory의 일부 작업만을 마쳤습니다. (0x12B)
[0515/183245.494:ERROR:process_memory_win.cc(73)] ReadMemory at 0x1db1328c778 of 512 bytes failed: ReadProcessMemory 또는 WriteProcessMemory의 일부 작업만을 마쳤습니다. (0x12B)
[0515/183245.494:ERROR:process_memory_win.cc(73)] ReadMemory at 0x1db19a2af70 of 512 bytes failed: ReadProcessMemory 또는 WriteProcessMemory의 일부 작업만을 마쳤습니다. (0x12B)
[0515/183245.494:ERROR:process_memory_win.cc(73)] ReadMemory at 0x1db1ad6aec0 of 512 bytes failed: ReadProcessMemory 또는 WriteProcessMemory의 일부 작업만을 마쳤습니다. (0x12B)
[0515/183245.494:ERROR:process_memory_win.cc(73)] ReadMemory at 0x1db1b5f1710 of 512 bytes failed: ReadProcessMemory 또는 WriteProcessMemory의 일부 작업만을 마쳤습니다. (0x12B)
[0515/183245.494:ERROR:process_memory_win.cc(73)] ReadMemory at 0x119c00000000 of 384 bytes failed: ReadProcessMemory 또는 WriteProcessMemory의 일부 작업만을 마쳤습니다. (0x12B)
[0515/183245.494:ERROR:process_memory_win.cc(73)] ReadMemory at 0x119c092c6d39 of 512 bytes failed: ReadProcessMemory 또는 WriteProcessMemory의 일부 작업만을 마쳤습니다. (0x12B)
[0515/183245.494:ERROR:process_memory_win.cc(73)] ReadMemory at 0x57df869c18c0 of 512 bytes failed: ReadProcessMemory 또는 WriteProcessMemory의 일부 작업만을 마쳤습니다. (0x12B)
[0515/183245.494:ERROR:process_memory_win.cc(73)] ReadMemory at 0x7ffead7e44f6 of 512 bytes failed: ReadProcessMemory 또는 WriteProcessMemory의 일부 작업만을 마쳤습니다. (0x12B)
[0515/183245.494:ERROR:process_memory_win.cc(73)] ReadMemory at 0x7ffeadbb2dce of 512 bytes failed: ReadProcessMemory 또는 WriteProcessMemory의 일부 작업만을 마쳤습니다. (0x12B)
[0515/183245.494:ERROR:process_memory_win.cc(73)] ReadMemory at 0x7ffeaf258ec3 of 512 bytes failed: ReadProcessMemory 또는 WriteProcessMemory의 일부 작업만을 마쳤습니다. (0x12B)
[0515/183245.494:ERROR:process_memory_win.cc(73)] ReadMemory at 0x7ffeb40e5298 of 512 bytes failed: ReadProcessMemory 또는 WriteProcessMemory의 일부 작업만을 마쳤습니다. (0x12B)
[0515/183245.494:ERROR:process_memory_win.cc(73)] ReadMemory at 0x7ffeb4d029c0 of 512 bytes failed: ReadProcessMemory 또는 WriteProcessMemory의 일부 작업만을 마쳤습니다. (0x12B)
[0515/183245.494:ERROR:process_memory_win.cc(73)] ReadMemory at 0x7ffefef109e0 of 512 bytes failed: ReadProcessMemory 또는 WriteProcessMemory의 일부 작업만을 마쳤습니다. (0x12B)
[0515/183245.494:ERROR:process_memory_win.cc(73)] ReadMemory at 0x7ffefef112d0 of 512 bytes failed: ReadProcessMemory 또는 WriteProcessMemory의 일부 작업만을 마쳤습니다. (0x12B)
[0515/183245.494:ERROR:process_memory_win.cc(73)] ReadMemory at 0x7ffefef130c0 of 512 bytes failed: ReadProcessMemory 또는 WriteProcessMemory의 일부 작업만을 마쳤습니다. (0x12B)
[0515/183245.495:ERROR:process_memory_win.cc(73)] ReadMemory at 0x7ffefef89eb4 of 672 bytes failed: ReadProcessMemory 또는 WriteProcessMemory의 일부 작업만을 마쳤습니다. (0x12B)
[0515/183245.495:ERROR:process_memory_win.cc(73)] ReadMemory at 0x7ffefef8a4b4 of 512 bytes failed: ReadProcessMemory 또는 WriteProcessMemory의 일부 작업만을 마쳤습니다. (0x12B)
[0515/183245.495:ERROR:process_memory_win.cc(73)] ReadMemory at 0x7ffefef8d724 of 608 bytes failed: ReadProcessMemory 또는 WriteProcessMemory의 일부 작업만을 마쳤습니다. (0x12B)
[0515/183245.495:ERROR:process_memory_win.cc(73)] ReadMemory at 0x7ffeff013810 of 18 bytes failed: ReadProcessMemory 또는 WriteProcessMemory의 일부 작업만을 마쳤습니다. (0x12B)
[0515/183245.495:ERROR:process_memory_win.cc(73)] ReadMemory at 0x7ffeff0464e0 of 40 bytes failed: ReadProcessMemory 또는 WriteProcessMemory의 일부 작업만을 마쳤습니다. (0x12B)
[0515/183245.495:ERROR:process_memory_win.cc(73)] ReadMemory at 0x7ffeff046938 of 48 bytes failed: ReadProcessMemory 또는 WriteProcessMemory의 일부 작업만을 마쳤습니다. (0x12B)
[0515/183245.495:ERROR:process_memory_win.cc(73)] ReadMemory at 0x7ffeff04c360 of 64 bytes failed: ReadProcessMemory 또는 WriteProcessMemory의 일부 작업만을 마쳤습니다. (0x12B)
[0515/183245.498:ERROR:scoped_process_suspend.cc(40)] NtResumeProcess: 기존 프로세스에 액세스하려고 했습니다. (0xc000010a)
